[ 2016-09-25T05:51:36+08:00 ] 127.0.0.1 /business/index.php/User/checkUser.html
INFO: [ app_begin ] --START--
INFO: Run Behavior\ReadHtmlCacheBehavior [ RunTime:0.000000s ]
INFO: [ app_begin ] --END-- [ RunTime:0.000000s ]
SQL: SHOW COLUMNS FROM `tbl_user` [ RunTime:0.0468s ]
SQL: SELECT * FROM `tbl_user` WHERE `user_tel` = '13718526927' LIMIT 1   [ RunTime:0.0000s ]
INFO: [ app_end ] --START--
INFO: Run Behavior\ShowPageTraceBehavior [ RunTime:0.000000s ]
INFO: [ app_end ] --END-- [ RunTime:0.000000s ]

[ 2016-09-25T05:51:57+08:00 ] 127.0.0.1 /business/index.php/User%20/%20verify.html?0.2991223812552023
ERR: 非法操作: verify

[ 2016-09-25T05:51:59+08:00 ] 127.0.0.1 /business/index.php/User%20/%20verify.html?0.394620286086965
ERR: 非法操作: verify

[ 2016-09-25T05:52:03+08:00 ] 127.0.0.1 /business/index.php/User%20/%20verify.html?0.394620286086965
ERR: 非法操作: verify

[ 2016-09-25T05:53:15+08:00 ] 127.0.0.1 /business/index.php/User%20/%20verify.html?0.12379105921701827
ERR: 非法操作: verify

[ 2016-09-25T05:53:38+08:00 ] 127.0.0.1 /business/index.php/User/checkUser.html
INFO: [ app_begin ] --START--
INFO: Run Behavior\ReadHtmlCacheBehavior [ RunTime:0.000000s ]
INFO: [ app_begin ] --END-- [ RunTime:0.000000s ]
SQL: SHOW COLUMNS FROM `tbl_user` [ RunTime:0.0000s ]
SQL: SELECT * FROM `tbl_user` WHERE `user_tel` = '13718526927' LIMIT 1   [ RunTime:0.0000s ]
INFO: [ app_end ] --START--
INFO: Run Behavior\ShowPageTraceBehavior [ RunTime:0.000000s ]
INFO: [ app_end ] --END-- [ RunTime:0.000000s ]

[ 2016-09-25T05:54:43+08:00 ] 127.0.0.1 /business/index.php/User/checkUser.html
INFO: [ app_begin ] --START--
INFO: Run Behavior\ReadHtmlCacheBehavior [ RunTime:0.000000s ]
INFO: [ app_begin ] --END-- [ RunTime:0.000000s ]
SQL: SHOW COLUMNS FROM `tbl_user` [ RunTime:0.0000s ]
SQL: SELECT * FROM `tbl_user` WHERE `user_tel` = '13718526927' LIMIT 1   [ RunTime:0.0000s ]
INFO: [ app_end ] --START--
INFO: Run Behavior\ShowPageTraceBehavior [ RunTime:0.000000s ]
INFO: [ app_end ] --END-- [ RunTime:0.000000s ]

[ 2016-09-25T05:54:51+08:00 ] 127.0.0.1 /business/index.php/User/checkUser.html
INFO: [ app_begin ] --START--
INFO: Run Behavior\ReadHtmlCacheBehavior [ RunTime:0.000000s ]
INFO: [ app_begin ] --END-- [ RunTime:0.000000s ]
SQL: SHOW COLUMNS FROM `tbl_user` [ RunTime:0.0000s ]
SQL: SELECT * FROM `tbl_user` WHERE `user_tel` = '13718526927' LIMIT 1   [ RunTime:0.0000s ]
INFO: [ app_end ] --START--
INFO: Run Behavior\ShowPageTraceBehavior [ RunTime:0.000000s ]
INFO: [ app_end ] --END-- [ RunTime:0.000000s ]

[ 2016-09-25T05:55:27+08:00 ] 127.0.0.1 /business/index.php/User/checkUser.html
INFO: [ app_begin ] --START--
INFO: Run Behavior\ReadHtmlCacheBehavior [ RunTime:0.000000s ]
INFO: [ app_begin ] --END-- [ RunTime:0.000000s ]
SQL: SHOW COLUMNS FROM `tbl_user` [ RunTime:0.0000s ]
SQL: SELECT * FROM `tbl_user` WHERE `user_tel` = '13718526927' LIMIT 1   [ RunTime:0.0000s ]
INFO: [ app_end ] --START--
INFO: Run Behavior\ShowPageTraceBehavior [ RunTime:0.000000s ]
INFO: [ app_end ] --END-- [ RunTime:0.000000s ]

[ 2016-09-25T06:15:52+08:00 ] 127.0.0.1 /business/index.php/User/checkUser.html
INFO: [ app_begin ] --START--
INFO: Run Behavior\ReadHtmlCacheBehavior [ RunTime:0.000000s ]
INFO: [ app_begin ] --END-- [ RunTime:0.000000s ]
SQL: SHOW COLUMNS FROM `tbl_user` [ RunTime:0.0000s ]
SQL: SELECT * FROM `tbl_user` WHERE `user_tel` = '13718526927' LIMIT 1   [ RunTime:0.0000s ]
INFO: [ app_end ] --START--
INFO: Run Behavior\ShowPageTraceBehavior [ RunTime:0.000000s ]
INFO: [ app_end ] --END-- [ RunTime:0.000000s ]

[ 2016-09-25T06:15:57+08:00 ] 127.0.0.1 /business/index.php/User/checkUser.html
INFO: [ app_begin ] --START--
INFO: Run Behavior\ReadHtmlCacheBehavior [ RunTime:0.000000s ]
INFO: [ app_begin ] --END-- [ RunTime:0.000000s ]
SQL: SHOW COLUMNS FROM `tbl_user` [ RunTime:0.0000s ]
SQL: SELECT * FROM `tbl_user` WHERE `username` = '137185269dd' LIMIT 1   [ RunTime:0.0000s ]
INFO: [ app_end ] --START--
INFO: Run Behavior\ShowPageTraceBehavior [ RunTime:0.000000s ]
INFO: [ app_end ] --END-- [ RunTime:0.000000s ]

[ 2016-09-25T06:17:59+08:00 ] 127.0.0.1 /business/index.php/User/checkUser.html
INFO: [ app_begin ] --START--
INFO: Run Behavior\ReadHtmlCacheBehavior [ RunTime:0.000000s ]
INFO: [ app_begin ] --END-- [ RunTime:0.000000s ]
SQL: SHOW COLUMNS FROM `tbl_user` [ RunTime:0.0000s ]
SQL: SELECT * FROM `tbl_user` WHERE `user_tel` = '13718526921' LIMIT 1   [ RunTime:0.0000s ]
INFO: [ app_end ] --START--
INFO: Run Behavior\ShowPageTraceBehavior [ RunTime:0.000000s ]
INFO: [ app_end ] --END-- [ RunTime:0.000000s ]

[ 2016-09-25T06:19:59+08:00 ] 127.0.0.1 /business/index.php/User/checkUser.html
INFO: [ app_begin ] --START--
INFO: Run Behavior\ReadHtmlCacheBehavior [ RunTime:0.000000s ]
INFO: [ app_begin ] --END-- [ RunTime:0.000000s ]
SQL: SHOW COLUMNS FROM `tbl_user` [ RunTime:0.0000s ]
SQL: SELECT * FROM `tbl_user` WHERE `user_tel` = '13718526927' LIMIT 1   [ RunTime:0.0000s ]
INFO: [ app_end ] --START--
INFO: Run Behavior\ShowPageTraceBehavior [ RunTime:0.000000s ]
INFO: [ app_end ] --END-- [ RunTime:0.000000s ]

[ 2016-09-25T06:20:01+08:00 ] 127.0.0.1 /business/index.php/User/checkUser.html
INFO: [ app_begin ] --START--
INFO: Run Behavior\ReadHtmlCacheBehavior [ RunTime:0.000000s ]
INFO: [ app_begin ] --END-- [ RunTime:0.000000s ]
SQL: SHOW COLUMNS FROM `tbl_user` [ RunTime:0.0000s ]
SQL: SELECT * FROM `tbl_user` WHERE `user_tel` = '13718526921' LIMIT 1   [ RunTime:0.0000s ]
INFO: [ app_end ] --START--
INFO: Run Behavior\ShowPageTraceBehavior [ RunTime:0.000000s ]
INFO: [ app_end ] --END-- [ RunTime:0.000000s ]

[ 2016-09-25T06:25:18+08:00 ] 127.0.0.1 /business/index.php/User/login
ERR: SQLSTATE[42S22]: Column not found: 1054 Unknown column 'login_time' in 'field list'

[ 2016-09-25T06:28:20+08:00 ] 127.0.0.1 /business/index.php/User/checkUser.html
INFO: [ app_begin ] --START--
INFO: Run Behavior\ReadHtmlCacheBehavior [ RunTime:0.000000s ]
INFO: [ app_begin ] --END-- [ RunTime:0.000000s ]
SQL: SHOW COLUMNS FROM `tbl_user` [ RunTime:0.0000s ]
SQL: SELECT * FROM `tbl_user` WHERE `user_email` = '404842799@qq.com' LIMIT 1   [ RunTime:0.0000s ]
INFO: [ app_end ] --START--
INFO: Run Behavior\ShowPageTraceBehavior [ RunTime:0.000000s ]
INFO: [ app_end ] --END-- [ RunTime:0.000000s ]

[ 2016-09-25T06:28:58+08:00 ] 127.0.0.1 /business/index.php/User/register
ERR: Think\Controller:create方法不存在！

[ 2016-09-25T06:29:21+08:00 ] 127.0.0.1 /business/index.php/User/checkUser.html
INFO: [ app_begin ] --START--
INFO: Run Behavior\ReadHtmlCacheBehavior [ RunTime:0.000000s ]
INFO: [ app_begin ] --END-- [ RunTime:0.000000s ]
SQL: SHOW COLUMNS FROM `tbl_user` [ RunTime:0.0000s ]
SQL: SELECT * FROM `tbl_user` WHERE `user_email` = '404842799@qq.com' LIMIT 1   [ RunTime:0.0000s ]
INFO: [ app_end ] --START--
INFO: Run Behavior\ShowPageTraceBehavior [ RunTime:0.000000s ]
INFO: [ app_end ] --END-- [ RunTime:0.000000s ]

[ 2016-09-25T06:31:38+08:00 ] 127.0.0.1 /business/index.php/User/checkUser.html
INFO: [ app_begin ] --START--
INFO: Run Behavior\ReadHtmlCacheBehavior [ RunTime:0.000000s ]
INFO: [ app_begin ] --END-- [ RunTime:0.000000s ]
SQL: SHOW COLUMNS FROM `tbl_user` [ RunTime:0.0000s ]
SQL: SELECT * FROM `tbl_user` WHERE `user_email` = '404842799@qq.com' LIMIT 1   [ RunTime:0.0000s ]
INFO: [ app_end ] --START--
INFO: Run Behavior\ShowPageTraceBehavior [ RunTime:0.000000s ]
INFO: [ app_end ] --END-- [ RunTime:0.000000s ]

[ 2016-09-25T06:31:51+08:00 ] 127.0.0.1 /business/index.php/User/checkUser.html
INFO: [ app_begin ] --START--
INFO: Run Behavior\ReadHtmlCacheBehavior [ RunTime:0.000000s ]
INFO: [ app_begin ] --END-- [ RunTime:0.000000s ]
SQL: SHOW COLUMNS FROM `tbl_user` [ RunTime:0.0000s ]
SQL: SELECT * FROM `tbl_user` WHERE `username` = '404842799@qq.com2' LIMIT 1   [ RunTime:0.0000s ]
INFO: [ app_end ] --START--
INFO: Run Behavior\ShowPageTraceBehavior [ RunTime:0.000000s ]
INFO: [ app_end ] --END-- [ RunTime:0.000000s ]

[ 2016-09-25T06:59:16+08:00 ] 127.0.0.1 /business/index.php/User/checkUser.html
INFO: [ app_begin ] --START--
INFO: Run Behavior\ReadHtmlCacheBehavior [ RunTime:0.000000s ]
INFO: [ app_begin ] --END-- [ RunTime:0.001000s ]
SQL: SHOW COLUMNS FROM `tbl_user` [ RunTime:0.0030s ]
SQL: SELECT * FROM `tbl_user` WHERE `user_email` = '404842799@qq.com' LIMIT 1   [ RunTime:0.0000s ]
INFO: [ app_end ] --START--
INFO: Run Behavior\ShowPageTraceBehavior [ RunTime:0.000000s ]
INFO: [ app_end ] --END-- [ RunTime:0.001000s ]

[ 2016-09-25T06:59:21+08:00 ] 127.0.0.1 /business/index.php/User/checkUser.html
INFO: [ app_begin ] --START--
INFO: Run Behavior\ReadHtmlCacheBehavior [ RunTime:0.001000s ]
INFO: [ app_begin ] --END-- [ RunTime:0.001000s ]
SQL: SHOW COLUMNS FROM `tbl_user` [ RunTime:0.0030s ]
SQL: SELECT * FROM `tbl_user` WHERE `user_email` = '404842799@qq.com' LIMIT 1   [ RunTime:0.0010s ]
INFO: [ app_end ] --START--
INFO: Run Behavior\ShowPageTraceBehavior [ RunTime:0.001000s ]
INFO: [ app_end ] --END-- [ RunTime:0.001000s ]

[ 2016-09-25T07:06:27+08:00 ] 127.0.0.1 /business/index.php/business/index.php/Post/index.html.html
ERR: 无法加载控制器:Business

[ 2016-09-25T07:06:46+08:00 ] 127.0.0.1 /business/index.php/User/
ERR: 非法操作:index

[ 2016-09-25T07:06:50+08:00 ] 127.0.0.1 /business/index.php/business/index.php/Post/index.html.html
ERR: 无法加载控制器:Business

[ 2016-09-25T07:07:16+08:00 ] 127.0.0.1 /business/index.php/User/
ERR: 非法操作:index

[ 2016-09-25T07:07:27+08:00 ] 127.0.0.1 /business/index.php/Post/ztree.html
INFO: [ app_begin ] --START--
INFO: Run Behavior\ReadHtmlCacheBehavior [ RunTime:0.000000s ]
INFO: [ app_begin ] --END-- [ RunTime:0.000000s ]
SQL: SHOW COLUMNS FROM `tbl_cate` [ RunTime:0.0000s ]
NOTIC: [8] Undefined variable: cnt D:\html\business\App\MangerSystem\Model\CateModel.class.php 第 39 行.
SQL: SELECT `id` AS `id`,`parent_id` AS `pid`,`cate_name` AS `name`,`cate_name_alias` AS `alias` FROM `tbl_cate` WHERE `parent_id` = 0 AND `is_deleted` = 0 ORDER BY `sort_order` DESC  [ RunTime:0.0000s ]
SQL: SELECT COUNT(id) AS tp_count FROM `tbl_cate` WHERE `parent_id` = 8 LIMIT 1   [ RunTime:0.0000s ]
SQL: SELECT COUNT(id) AS tp_count FROM `tbl_cate` WHERE `parent_id` = 7 LIMIT 1   [ RunTime:0.0000s ]
INFO: [ app_end ] --START--
INFO: Run Behavior\ShowPageTraceBehavior [ RunTime:0.001000s ]
INFO: [ app_end ] --END-- [ RunTime:0.001000s ]

[ 2016-09-25T07:07:38+08:00 ] 127.0.0.1 /business/index.php/Post/ztree.html
INFO: [ app_begin ] --START--
INFO: Run Behavior\ReadHtmlCacheBehavior [ RunTime:0.000000s ]
INFO: [ app_begin ] --END-- [ RunTime:0.000000s ]
SQL: SHOW COLUMNS FROM `tbl_cate` [ RunTime:0.0040s ]
NOTIC: [8] Undefined variable: cnt D:\html\business\App\MangerSystem\Model\CateModel.class.php 第 39 行.
SQL: SELECT `id` AS `id`,`parent_id` AS `pid`,`cate_name` AS `name`,`cate_name_alias` AS `alias` FROM `tbl_cate` WHERE `parent_id` = 0 AND `is_deleted` = 0 ORDER BY `sort_order` DESC  [ RunTime:0.0010s ]
SQL: SELECT COUNT(id) AS tp_count FROM `tbl_cate` WHERE `parent_id` = 8 LIMIT 1   [ RunTime:0.0000s ]
SQL: SELECT COUNT(id) AS tp_count FROM `tbl_cate` WHERE `parent_id` = 7 LIMIT 1   [ RunTime:0.0010s ]
INFO: [ app_end ] --START--
INFO: Run Behavior\ShowPageTraceBehavior [ RunTime:0.001000s ]
INFO: [ app_end ] --END-- [ RunTime:0.002000s ]

[ 2016-09-25T07:07:58+08:00 ] 127.0.0.1 /business/index.php/User/checkUser.html
INFO: [ app_begin ] --START--
INFO: Run Behavior\ReadHtmlCacheBehavior [ RunTime:0.000000s ]
INFO: [ app_begin ] --END-- [ RunTime:0.000000s ]
SQL: SHOW COLUMNS FROM `tbl_user` [ RunTime:0.0000s ]
SQL: SELECT * FROM `tbl_user` WHERE `user_email` = '404842799@qq.com' LIMIT 1   [ RunTime:0.0000s ]
INFO: [ app_end ] --START--
INFO: Run Behavior\ShowPageTraceBehavior [ RunTime:0.000000s ]
INFO: [ app_end ] --END-- [ RunTime:0.000000s ]

[ 2016-09-25T07:09:54+08:00 ] 127.0.0.1 /business/index.php/User/checkUser.html
INFO: [ app_begin ] --START--
INFO: Run Behavior\ReadHtmlCacheBehavior [ RunTime:0.000000s ]
INFO: [ app_begin ] --END-- [ RunTime:0.000000s ]
SQL: SHOW COLUMNS FROM `tbl_user` [ RunTime:0.0000s ]
SQL: SELECT * FROM `tbl_user` WHERE `user_email` = '404842799@qq.com' LIMIT 1   [ RunTime:0.0100s ]
INFO: [ app_end ] --START--
INFO: Run Behavior\ShowPageTraceBehavior [ RunTime:0.000000s ]
INFO: [ app_end ] --END-- [ RunTime:0.000000s ]

[ 2016-09-25T07:14:28+08:00 ] 127.0.0.1 /business/index.php/User/checkUser.html
INFO: [ app_begin ] --START--
INFO: Run Behavior\ReadHtmlCacheBehavior [ RunTime:0.010000s ]
INFO: [ app_begin ] --END-- [ RunTime:0.010000s ]
SQL: SHOW COLUMNS FROM `tbl_user` [ RunTime:0.0040s ]
SQL: SELECT * FROM `tbl_user` WHERE `user_tel` = '13718526927' LIMIT 1   [ RunTime:0.0000s ]
INFO: [ app_end ] --START--
INFO: Run Behavior\ShowPageTraceBehavior [ RunTime:0.000000s ]
INFO: [ app_end ] --END-- [ RunTime:0.001000s ]

[ 2016-09-25T07:15:44+08:00 ] 127.0.0.1 /business/index.php/User/checkUser.html
INFO: [ app_begin ] --START--
INFO: Run Behavior\ReadHtmlCacheBehavior [ RunTime:0.010000s ]
INFO: [ app_begin ] --END-- [ RunTime:0.010000s ]
SQL: SHOW COLUMNS FROM `tbl_user` [ RunTime:0.0000s ]
SQL: SELECT * FROM `tbl_user` WHERE `user_tel` = '13718526927' LIMIT 1   [ RunTime:0.0000s ]
INFO: [ app_end ] --START--
INFO: Run Behavior\ShowPageTraceBehavior [ RunTime:0.000000s ]
INFO: [ app_end ] --END-- [ RunTime:0.000000s ]

[ 2016-09-25T07:28:26+08:00 ] 127.0.0.1 /business/index.php/Post/ztree.html
INFO: [ app_begin ] --START--
INFO: Run Behavior\ReadHtmlCacheBehavior [ RunTime:0.010000s ]
INFO: [ app_begin ] --END-- [ RunTime:0.010000s ]
SQL: SHOW COLUMNS FROM `tbl_cate` [ RunTime:0.0000s ]
NOTIC: [8] Undefined variable: cnt D:\html\business\App\MangerSystem\Model\CateModel.class.php 第 39 行.
SQL: SELECT `id` AS `id`,`parent_id` AS `pid`,`cate_name` AS `name`,`cate_name_alias` AS `alias` FROM `tbl_cate` WHERE `parent_id` = 0 AND `is_deleted` = 0 ORDER BY `sort_order` DESC  [ RunTime:0.0000s ]
SQL: SELECT COUNT(id) AS tp_count FROM `tbl_cate` WHERE `parent_id` = 8 LIMIT 1   [ RunTime:0.0000s ]
SQL: SELECT COUNT(id) AS tp_count FROM `tbl_cate` WHERE `parent_id` = 7 LIMIT 1   [ RunTime:0.0000s ]
INFO: [ app_end ] --START--
INFO: Run Behavior\ShowPageTraceBehavior [ RunTime:0.000000s ]
INFO: [ app_end ] --END-- [ RunTime:0.000000s ]

[ 2016-09-25T07:28:34+08:00 ] 127.0.0.1 /business/index.php/Post/ztree.html
INFO: [ app_begin ] --START--
INFO: Run Behavior\ReadHtmlCacheBehavior [ RunTime:0.000000s ]
INFO: [ app_begin ] --END-- [ RunTime:0.000000s ]
SQL: SHOW COLUMNS FROM `tbl_cate` [ RunTime:0.0030s ]
NOTIC: [8] Undefined variable: cnt D:\html\business\App\MangerSystem\Model\CateModel.class.php 第 39 行.
SQL: SELECT `id` AS `id`,`parent_id` AS `pid`,`cate_name` AS `name`,`cate_name_alias` AS `alias` FROM `tbl_cate` WHERE `parent_id` = 0 AND `is_deleted` = 0 ORDER BY `sort_order` DESC  [ RunTime:0.0020s ]
SQL: SELECT COUNT(id) AS tp_count FROM `tbl_cate` WHERE `parent_id` = 8 LIMIT 1   [ RunTime:0.0010s ]
SQL: SELECT COUNT(id) AS tp_count FROM `tbl_cate` WHERE `parent_id` = 7 LIMIT 1   [ RunTime:0.0000s ]
INFO: [ app_end ] --START--
INFO: Run Behavior\ShowPageTraceBehavior [ RunTime:0.000000s ]
INFO: [ app_end ] --END-- [ RunTime:0.002000s ]

[ 2016-09-25T07:28:44+08:00 ] 127.0.0.1 /business/index.php/Post/ztree.html
INFO: [ app_begin ] --START--
INFO: Run Behavior\ReadHtmlCacheBehavior [ RunTime:0.010000s ]
INFO: [ app_begin ] --END-- [ RunTime:0.010000s ]
SQL: SHOW COLUMNS FROM `tbl_cate` [ RunTime:0.0000s ]
NOTIC: [8] Undefined variable: cnt D:\html\business\App\MangerSystem\Model\CateModel.class.php 第 39 行.
SQL: SELECT `id` AS `id`,`parent_id` AS `pid`,`cate_name` AS `name`,`cate_name_alias` AS `alias` FROM `tbl_cate` WHERE `parent_id` = 0 AND `is_deleted` = 0 ORDER BY `sort_order` DESC  [ RunTime:0.0000s ]
SQL: SELECT COUNT(id) AS tp_count FROM `tbl_cate` WHERE `parent_id` = 8 LIMIT 1   [ RunTime:0.0000s ]
SQL: SELECT COUNT(id) AS tp_count FROM `tbl_cate` WHERE `parent_id` = 7 LIMIT 1   [ RunTime:0.0000s ]
INFO: [ app_end ] --START--
INFO: Run Behavior\ShowPageTraceBehavior [ RunTime:0.000000s ]
INFO: [ app_end ] --END-- [ RunTime:0.001000s ]

[ 2016-09-25T07:28:47+08:00 ] 127.0.0.1 /business/index.php/Post/ztree.html
INFO: [ app_begin ] --START--
INFO: Run Behavior\ReadHtmlCacheBehavior [ RunTime:0.001000s ]
INFO: [ app_begin ] --END-- [ RunTime:0.001000s ]
SQL: SHOW COLUMNS FROM `tbl_cate` [ RunTime:0.0030s ]
NOTIC: [8] Undefined variable: cnt D:\html\business\App\MangerSystem\Model\CateModel.class.php 第 39 行.
SQL: SELECT `id` AS `id`,`parent_id` AS `pid`,`cate_name` AS `name`,`cate_name_alias` AS `alias` FROM `tbl_cate` WHERE `parent_id` = 0 AND `is_deleted` = 0 ORDER BY `sort_order` DESC  [ RunTime:0.0020s ]
SQL: SELECT COUNT(id) AS tp_count FROM `tbl_cate` WHERE `parent_id` = 8 LIMIT 1   [ RunTime:0.0010s ]
SQL: SELECT COUNT(id) AS tp_count FROM `tbl_cate` WHERE `parent_id` = 7 LIMIT 1   [ RunTime:0.0010s ]
INFO: [ app_end ] --START--
INFO: Run Behavior\ShowPageTraceBehavior [ RunTime:0.000000s ]
INFO: [ app_end ] --END-- [ RunTime:0.000000s ]

[ 2016-09-25T07:28:50+08:00 ] 127.0.0.1 /business/index.php/Post/ztree.html
INFO: [ app_begin ] --START--
INFO: Run Behavior\ReadHtmlCacheBehavior [ RunTime:0.000000s ]
INFO: [ app_begin ] --END-- [ RunTime:0.000000s ]
SQL: SHOW COLUMNS FROM `tbl_cate` [ RunTime:0.0000s ]
NOTIC: [8] Undefined variable: cnt D:\html\business\App\MangerSystem\Model\CateModel.class.php 第 39 行.
SQL: SELECT `id` AS `id`,`parent_id` AS `pid`,`cate_name` AS `name`,`cate_name_alias` AS `alias` FROM `tbl_cate` WHERE `parent_id` = 0 AND `is_deleted` = 0 ORDER BY `sort_order` DESC  [ RunTime:0.0000s ]
SQL: SELECT COUNT(id) AS tp_count FROM `tbl_cate` WHERE `parent_id` = 8 LIMIT 1   [ RunTime:0.0000s ]
SQL: SELECT COUNT(id) AS tp_count FROM `tbl_cate` WHERE `parent_id` = 7 LIMIT 1   [ RunTime:0.0000s ]
INFO: [ app_end ] --START--
INFO: Run Behavior\ShowPageTraceBehavior [ RunTime:0.000000s ]
INFO: [ app_end ] --END-- [ RunTime:0.000000s ]

[ 2016-09-25T07:29:14+08:00 ] 127.0.0.1 /business/index.php/Post/ztree.html
INFO: [ app_begin ] --START--
INFO: Run Behavior\ReadHtmlCacheBehavior [ RunTime:0.000000s ]
INFO: [ app_begin ] --END-- [ RunTime:0.000000s ]
SQL: SHOW COLUMNS FROM `tbl_cate` [ RunTime:0.0000s ]
NOTIC: [8] Undefined variable: cnt D:\html\business\App\MangerSystem\Model\CateModel.class.php 第 39 行.
SQL: SELECT `id` AS `id`,`parent_id` AS `pid`,`cate_name` AS `name`,`cate_name_alias` AS `alias` FROM `tbl_cate` WHERE `parent_id` = 0 AND `is_deleted` = 0 ORDER BY `sort_order` DESC  [ RunTime:0.0000s ]
SQL: SELECT COUNT(id) AS tp_count FROM `tbl_cate` WHERE `parent_id` = 8 LIMIT 1   [ RunTime:0.0000s ]
SQL: SELECT COUNT(id) AS tp_count FROM `tbl_cate` WHERE `parent_id` = 7 LIMIT 1   [ RunTime:0.0000s ]
INFO: [ app_end ] --START--
INFO: Run Behavior\ShowPageTraceBehavior [ RunTime:0.000000s ]
INFO: [ app_end ] --END-- [ RunTime:0.000000s ]

[ 2016-09-25T07:29:21+08:00 ] 127.0.0.1 /business/index.php/Post/ztree.html
INFO: [ app_begin ] --START--
INFO: Run Behavior\ReadHtmlCacheBehavior [ RunTime:0.000000s ]
INFO: [ app_begin ] --END-- [ RunTime:0.000000s ]
SQL: SHOW COLUMNS FROM `tbl_cate` [ RunTime:0.0000s ]
NOTIC: [8] Undefined variable: cnt D:\html\business\App\MangerSystem\Model\CateModel.class.php 第 39 行.
SQL: SELECT `id` AS `id`,`parent_id` AS `pid`,`cate_name` AS `name`,`cate_name_alias` AS `alias` FROM `tbl_cate` WHERE `parent_id` = 0 AND `is_deleted` = 0 ORDER BY `sort_order` DESC  [ RunTime:0.0000s ]
SQL: SELECT COUNT(id) AS tp_count FROM `tbl_cate` WHERE `parent_id` = 8 LIMIT 1   [ RunTime:0.0000s ]
SQL: SELECT COUNT(id) AS tp_count FROM `tbl_cate` WHERE `parent_id` = 7 LIMIT 1   [ RunTime:0.0000s ]
INFO: [ app_end ] --START--
INFO: Run Behavior\ShowPageTraceBehavior [ RunTime:0.000000s ]
INFO: [ app_end ] --END-- [ RunTime:0.000000s ]

[ 2016-09-25T07:29:27+08:00 ] 127.0.0.1 /business/index.php/Post/ztree.html
INFO: [ app_begin ] --START--
INFO: Run Behavior\ReadHtmlCacheBehavior [ RunTime:0.000000s ]
INFO: [ app_begin ] --END-- [ RunTime:0.000000s ]
SQL: SHOW COLUMNS FROM `tbl_cate` [ RunTime:0.0000s ]
NOTIC: [8] Undefined variable: cnt D:\html\business\App\MangerSystem\Model\CateModel.class.php 第 39 行.
SQL: SELECT `id` AS `id`,`parent_id` AS `pid`,`cate_name` AS `name`,`cate_name_alias` AS `alias` FROM `tbl_cate` WHERE `parent_id` = 0 AND `is_deleted` = 0 ORDER BY `sort_order` DESC  [ RunTime:0.0000s ]
SQL: SELECT COUNT(id) AS tp_count FROM `tbl_cate` WHERE `parent_id` = 8 LIMIT 1   [ RunTime:0.0000s ]
SQL: SELECT COUNT(id) AS tp_count FROM `tbl_cate` WHERE `parent_id` = 7 LIMIT 1   [ RunTime:0.0000s ]
INFO: [ app_end ] --START--
INFO: Run Behavior\ShowPageTraceBehavior [ RunTime:0.000000s ]
INFO: [ app_end ] --END-- [ RunTime:0.000000s ]

[ 2016-09-25T07:29:42+08:00 ] 127.0.0.1 /business/index.php/Post/ztree.html
INFO: [ app_begin ] --START--
INFO: Run Behavior\ReadHtmlCacheBehavior [ RunTime:0.000000s ]
INFO: [ app_begin ] --END-- [ RunTime:0.000000s ]
SQL: SHOW COLUMNS FROM `tbl_cate` [ RunTime:0.0000s ]
NOTIC: [8] Undefined variable: cnt D:\html\business\App\MangerSystem\Model\CateModel.class.php 第 39 行.
SQL: SELECT `id` AS `id`,`parent_id` AS `pid`,`cate_name` AS `name`,`cate_name_alias` AS `alias` FROM `tbl_cate` WHERE `parent_id` = 0 AND `is_deleted` = 0 ORDER BY `sort_order` DESC  [ RunTime:0.0000s ]
SQL: SELECT COUNT(id) AS tp_count FROM `tbl_cate` WHERE `parent_id` = 8 LIMIT 1   [ RunTime:0.0000s ]
SQL: SELECT COUNT(id) AS tp_count FROM `tbl_cate` WHERE `parent_id` = 7 LIMIT 1   [ RunTime:0.0000s ]
INFO: [ app_end ] --START--
INFO: Run Behavior\ShowPageTraceBehavior [ RunTime:0.000000s ]
INFO: [ app_end ] --END-- [ RunTime:0.000000s ]

[ 2016-09-25T12:49:00+08:00 ] 127.0.0.1 /business/index.php/Post/ztree.html
INFO: [ app_begin ] --START--
INFO: Run Behavior\ReadHtmlCacheBehavior [ RunTime:0.000000s ]
INFO: [ app_begin ] --END-- [ RunTime:0.001000s ]
SQL: SHOW COLUMNS FROM `tbl_cate` [ RunTime:0.0020s ]
NOTIC: [8] Undefined variable: cnt D:\html\business\App\MangerSystem\Model\CateModel.class.php 第 39 行.
SQL: SELECT `id` AS `id`,`parent_id` AS `pid`,`cate_name` AS `name`,`cate_name_alias` AS `alias` FROM `tbl_cate` WHERE `parent_id` = 0 AND `is_deleted` = 0 ORDER BY `sort_order` DESC  [ RunTime:0.0000s ]
SQL: SELECT COUNT(id) AS tp_count FROM `tbl_cate` WHERE `parent_id` = 8 LIMIT 1   [ RunTime:0.0010s ]
SQL: SELECT COUNT(id) AS tp_count FROM `tbl_cate` WHERE `parent_id` = 7 LIMIT 1   [ RunTime:0.0010s ]
INFO: [ app_end ] --START--
INFO: Run Behavior\ShowPageTraceBehavior [ RunTime:0.001000s ]
INFO: [ app_end ] --END-- [ RunTime:0.001000s ]

