[ 2016-09-26T07:04:57+08:00 ] 127.0.0.1 /business/index.php/Post/ztree.html
INFO: [ app_begin ] --START--
INFO: Run Behavior\ReadHtmlCacheBehavior [ RunTime:0.001000s ]
INFO: [ app_begin ] --END-- [ RunTime:0.001000s ]
SQL: SHOW COLUMNS FROM `tbl_cate` [ RunTime:0.0030s ]
NOTIC: [8] Undefined variable: cnt D:\html\business\App\MangerSystem\Model\CateModel.class.php 第 39 行.
SQL: SELECT `id` AS `id`,`parent_id` AS `pid`,`cate_name` AS `name`,`cate_name_alias` AS `alias` FROM `tbl_cate` WHERE `parent_id` = 0 AND `is_deleted` = 0 ORDER BY `sort_order` DESC  [ RunTime:0.0010s ]
SQL: SELECT COUNT(id) AS tp_count FROM `tbl_cate` WHERE `parent_id` = 8 LIMIT 1   [ RunTime:0.0010s ]
SQL: SELECT COUNT(id) AS tp_count FROM `tbl_cate` WHERE `parent_id` = 7 LIMIT 1   [ RunTime:0.0000s ]
INFO: [ app_end ] --START--
INFO: Run Behavior\ShowPageTraceBehavior [ RunTime:0.000000s ]
INFO: [ app_end ] --END-- [ RunTime:0.002000s ]

[ 2016-09-26T07:04:59+08:00 ] 127.0.0.1 /business/index.php/Post/ztree.html
INFO: [ app_begin ] --START--
INFO: Run Behavior\ReadHtmlCacheBehavior [ RunTime:0.001000s ]
INFO: [ app_begin ] --END-- [ RunTime:0.002000s ]
SQL: SHOW COLUMNS FROM `tbl_cate` [ RunTime:0.0040s ]
NOTIC: [8] Undefined variable: cnt D:\html\business\App\MangerSystem\Model\CateModel.class.php 第 39 行.
SQL: SELECT `id` AS `id`,`parent_id` AS `pid`,`cate_name` AS `name`,`cate_name_alias` AS `alias` FROM `tbl_cate` WHERE `parent_id` = 8 AND `is_deleted` = 0 ORDER BY `sort_order` DESC  [ RunTime:0.0010s ]
SQL: SELECT COUNT(id) AS tp_count FROM `tbl_cate` WHERE `parent_id` = 9 LIMIT 1   [ RunTime:0.0000s ]
SQL: SELECT COUNT(id) AS tp_count FROM `tbl_cate` WHERE `parent_id` = 10 LIMIT 1   [ RunTime:0.0000s ]
SQL: SELECT COUNT(id) AS tp_count FROM `tbl_cate` WHERE `parent_id` = 11 LIMIT 1   [ RunTime:0.0010s ]
INFO: [ app_end ] --START--
INFO: Run Behavior\ShowPageTraceBehavior [ RunTime:0.001000s ]
INFO: [ app_end ] --END-- [ RunTime:0.001000s ]

[ 2016-09-26T07:29:29+08:00 ] 127.0.0.1 /business/index.php/Post/ztree.html
INFO: [ app_begin ] --START--
INFO: Run Behavior\ReadHtmlCacheBehavior [ RunTime:0.001000s ]
INFO: [ app_begin ] --END-- [ RunTime:0.001000s ]
SQL: SHOW COLUMNS FROM `tbl_cate` [ RunTime:0.0030s ]
NOTIC: [8] Undefined variable: cnt D:\html\business\App\MangerSystem\Model\CateModel.class.php 第 39 行.
SQL: SELECT `id` AS `id`,`parent_id` AS `pid`,`cate_name` AS `name`,`cate_name_alias` AS `alias` FROM `tbl_cate` WHERE `parent_id` = 0 AND `is_deleted` = 0 ORDER BY `sort_order` DESC  [ RunTime:0.0000s ]
SQL: SELECT COUNT(id) AS tp_count FROM `tbl_cate` WHERE `parent_id` = 8 LIMIT 1   [ RunTime:0.0010s ]
SQL: SELECT COUNT(id) AS tp_count FROM `tbl_cate` WHERE `parent_id` = 7 LIMIT 1   [ RunTime:0.0000s ]
INFO: [ app_end ] --START--
INFO: Run Behavior\ShowPageTraceBehavior [ RunTime:0.001000s ]
INFO: [ app_end ] --END-- [ RunTime:0.001000s ]

[ 2016-09-26T07:29:38+08:00 ] 127.0.0.1 /business/index.php/Post/ztree.html
INFO: [ app_begin ] --START--
INFO: Run Behavior\ReadHtmlCacheBehavior [ RunTime:0.001000s ]
INFO: [ app_begin ] --END-- [ RunTime:0.001000s ]
SQL: SHOW COLUMNS FROM `tbl_cate` [ RunTime:0.0030s ]
NOTIC: [8] Undefined variable: cnt D:\html\business\App\MangerSystem\Model\CateModel.class.php 第 39 行.
SQL: SELECT `id` AS `id`,`parent_id` AS `pid`,`cate_name` AS `name`,`cate_name_alias` AS `alias` FROM `tbl_cate` WHERE `parent_id` = 0 AND `is_deleted` = 0 ORDER BY `sort_order` DESC  [ RunTime:0.0000s ]
SQL: SELECT COUNT(id) AS tp_count FROM `tbl_cate` WHERE `parent_id` = 8 LIMIT 1   [ RunTime:0.0010s ]
SQL: SELECT COUNT(id) AS tp_count FROM `tbl_cate` WHERE `parent_id` = 7 LIMIT 1   [ RunTime:0.0000s ]
INFO: [ app_end ] --START--
INFO: Run Behavior\ShowPageTraceBehavior [ RunTime:0.001000s ]
INFO: [ app_end ] --END-- [ RunTime:0.001000s ]

[ 2016-09-26T07:29:41+08:00 ] 127.0.0.1 /business/index.php/Post/ztree.html
INFO: [ app_begin ] --START--
INFO: Run Behavior\ReadHtmlCacheBehavior [ RunTime:0.000000s ]
INFO: [ app_begin ] --END-- [ RunTime:0.002000s ]
SQL: SHOW COLUMNS FROM `tbl_cate` [ RunTime:0.0040s ]
NOTIC: [8] Undefined variable: cnt D:\html\business\App\MangerSystem\Model\CateModel.class.php 第 39 行.
SQL: SELECT `id` AS `id`,`parent_id` AS `pid`,`cate_name` AS `name`,`cate_name_alias` AS `alias` FROM `tbl_cate` WHERE `parent_id` = 0 AND `is_deleted` = 0 ORDER BY `sort_order` DESC  [ RunTime:0.0010s ]
SQL: SELECT COUNT(id) AS tp_count FROM `tbl_cate` WHERE `parent_id` = 8 LIMIT 1   [ RunTime:0.0000s ]
SQL: SELECT COUNT(id) AS tp_count FROM `tbl_cate` WHERE `parent_id` = 7 LIMIT 1   [ RunTime:0.0010s ]
INFO: [ app_end ] --START--
INFO: Run Behavior\ShowPageTraceBehavior [ RunTime:0.001000s ]
INFO: [ app_end ] --END-- [ RunTime:0.001000s ]

[ 2016-09-26T07:29:44+08:00 ] 127.0.0.1 /business/index.php/Post/ztree.html
INFO: [ app_begin ] --START--
INFO: Run Behavior\ReadHtmlCacheBehavior [ RunTime:0.001000s ]
INFO: [ app_begin ] --END-- [ RunTime:0.001000s ]
SQL: SHOW COLUMNS FROM `tbl_cate` [ RunTime:0.0030s ]
NOTIC: [8] Undefined variable: cnt D:\html\business\App\MangerSystem\Model\CateModel.class.php 第 39 行.
SQL: SELECT `id` AS `id`,`parent_id` AS `pid`,`cate_name` AS `name`,`cate_name_alias` AS `alias` FROM `tbl_cate` WHERE `parent_id` = 0 AND `is_deleted` = 0 ORDER BY `sort_order` DESC  [ RunTime:0.0010s ]
SQL: SELECT COUNT(id) AS tp_count FROM `tbl_cate` WHERE `parent_id` = 8 LIMIT 1   [ RunTime:0.0010s ]
SQL: SELECT COUNT(id) AS tp_count FROM `tbl_cate` WHERE `parent_id` = 7 LIMIT 1   [ RunTime:0.0000s ]
INFO: [ app_end ] --START--
INFO: Run Behavior\ShowPageTraceBehavior [ RunTime:0.000000s ]
INFO: [ app_end ] --END-- [ RunTime:0.002000s ]

[ 2016-09-26T07:29:47+08:00 ] 127.0.0.1 /business/index.php/Post/ztree.html
INFO: [ app_begin ] --START--
INFO: Run Behavior\ReadHtmlCacheBehavior [ RunTime:0.001000s ]
INFO: [ app_begin ] --END-- [ RunTime:0.003000s ]
SQL: SHOW COLUMNS FROM `tbl_cate` [ RunTime:0.0030s ]
NOTIC: [8] Undefined variable: cnt D:\html\business\App\MangerSystem\Model\CateModel.class.php 第 39 行.
SQL: SELECT `id` AS `id`,`parent_id` AS `pid`,`cate_name` AS `name`,`cate_name_alias` AS `alias` FROM `tbl_cate` WHERE `parent_id` = 0 AND `is_deleted` = 0 ORDER BY `sort_order` DESC  [ RunTime:0.0000s ]
SQL: SELECT COUNT(id) AS tp_count FROM `tbl_cate` WHERE `parent_id` = 8 LIMIT 1   [ RunTime:0.0000s ]
SQL: SELECT COUNT(id) AS tp_count FROM `tbl_cate` WHERE `parent_id` = 7 LIMIT 1   [ RunTime:0.0000s ]
INFO: [ app_end ] --START--
INFO: Run Behavior\ShowPageTraceBehavior [ RunTime:0.001000s ]
INFO: [ app_end ] --END-- [ RunTime:0.001000s ]

[ 2016-09-26T07:29:49+08:00 ] 127.0.0.1 /business/index.php/Post/ztree.html
INFO: [ app_begin ] --START--
INFO: Run Behavior\ReadHtmlCacheBehavior [ RunTime:0.001000s ]
INFO: [ app_begin ] --END-- [ RunTime:0.001000s ]
SQL: SHOW COLUMNS FROM `tbl_cate` [ RunTime:0.0030s ]
NOTIC: [8] Undefined variable: cnt D:\html\business\App\MangerSystem\Model\CateModel.class.php 第 39 行.
SQL: SELECT `id` AS `id`,`parent_id` AS `pid`,`cate_name` AS `name`,`cate_name_alias` AS `alias` FROM `tbl_cate` WHERE `parent_id` = 0 AND `is_deleted` = 0 ORDER BY `sort_order` DESC  [ RunTime:0.0000s ]
SQL: SELECT COUNT(id) AS tp_count FROM `tbl_cate` WHERE `parent_id` = 8 LIMIT 1   [ RunTime:0.0010s ]
SQL: SELECT COUNT(id) AS tp_count FROM `tbl_cate` WHERE `parent_id` = 7 LIMIT 1   [ RunTime:0.0000s ]
INFO: [ app_end ] --START--
INFO: Run Behavior\ShowPageTraceBehavior [ RunTime:0.001000s ]
INFO: [ app_end ] --END-- [ RunTime:0.002000s ]

[ 2016-09-26T07:30:08+08:00 ] 127.0.0.1 /business/index.php/Post/comment.html
INFO: [ app_begin ] --START--
INFO: Run Behavior\ReadHtmlCacheBehavior [ RunTime:0.001000s ]
INFO: [ app_begin ] --END-- [ RunTime:0.001000s ]
SQL: SHOW COLUMNS FROM `tbl_comment` [ RunTime:0.0060s ]
SQL: INSERT INTO `tbl_comment` (`nickname`,`email`,`post_id`,`content`,`create_time`,`client_ip`,`agent`) VALUES ('sdfsdf','admin@abc.com','37','sdfsdfsdfsdf','1474846208','127.0.0.1','Mozilla/5.0 (Windows NT 6.1; WOW64) AppleWebKit/537.36 (KHTML, like Gecko) Chrome/52.0.2743.116 Safari/537.36') [ RunTime:0.0120s ]
SQL: SHOW COLUMNS FROM `tbl_post` [ RunTime:0.0040s ]
SQL: UPDATE `tbl_post` SET `reply_count`=reply_count+1 WHERE `post_id` = 37 [ RunTime:0.0010s ]
SQL: SHOW COLUMNS FROM `tbl_attr_val` [ RunTime:0.0020s ]
SQL: DELETE FROM `tbl_attr_val` WHERE `post_id` = 37 [ RunTime:0.0010s ]
NOTIC: [2] Invalid argument supplied for foreach() D:\html\business\App\MangerSystem\Model\PostModel.class.php 第 177 行.
NOTIC: [8] Undefined variable: list D:\html\business\App\Home\Controller\PostController.class.php 第 202 行.

[ 2016-09-26T07:30:18+08:00 ] 127.0.0.1 /business/index.php/Post/comment.html
INFO: [ app_begin ] --START--
INFO: Run Behavior\ReadHtmlCacheBehavior [ RunTime:0.001000s ]
INFO: [ app_begin ] --END-- [ RunTime:0.001000s ]
SQL: SHOW COLUMNS FROM `tbl_comment` [ RunTime:0.0030s ]

[ 2016-09-26T07:30:28+08:00 ] 127.0.0.1 /business/index.php/Post/comment.html
INFO: [ app_begin ] --START--
INFO: Run Behavior\ReadHtmlCacheBehavior [ RunTime:0.001000s ]
INFO: [ app_begin ] --END-- [ RunTime:0.001000s ]
SQL: SHOW COLUMNS FROM `tbl_comment` [ RunTime:0.0030s ]

[ 2016-09-26T07:30:30+08:00 ] 127.0.0.1 /business/index.php/Post/comment.html
INFO: [ app_begin ] --START--
INFO: Run Behavior\ReadHtmlCacheBehavior [ RunTime:0.001000s ]
INFO: [ app_begin ] --END-- [ RunTime:0.002000s ]
SQL: SHOW COLUMNS FROM `tbl_comment` [ RunTime:0.0020s ]

[ 2016-09-26T07:30:39+08:00 ] 127.0.0.1 /business/index.php/Post/comment.html
INFO: [ app_begin ] --START--
INFO: Run Behavior\ReadHtmlCacheBehavior [ RunTime:0.001000s ]
INFO: [ app_begin ] --END-- [ RunTime:0.002000s ]
SQL: SHOW COLUMNS FROM `tbl_comment` [ RunTime:0.0020s ]
SQL: INSERT INTO `tbl_comment` (`nickname`,`email`,`post_id`,`content`,`create_time`,`client_ip`,`agent`) VALUES ('sdfsdf','admin@abc.com','37','dddd','1474846239','127.0.0.1','Mozilla/5.0 (Windows NT 6.1; WOW64) AppleWebKit/537.36 (KHTML, like Gecko) Chrome/52.0.2743.116 Safari/537.36') [ RunTime:0.0010s ]
SQL: SHOW COLUMNS FROM `tbl_post` [ RunTime:0.0030s ]
SQL: UPDATE `tbl_post` SET `reply_count`=reply_count+1 WHERE `post_id` = 37 [ RunTime:0.0000s ]
SQL: SHOW COLUMNS FROM `tbl_attr_val` [ RunTime:0.0020s ]
SQL: DELETE FROM `tbl_attr_val` WHERE `post_id` = 37 [ RunTime:0.0010s ]
NOTIC: [2] Invalid argument supplied for foreach() D:\html\business\App\MangerSystem\Model\PostModel.class.php 第 177 行.
NOTIC: [8] Undefined variable: list D:\html\business\App\Home\Controller\PostController.class.php 第 202 行.

[ 2016-09-26T07:30:43+08:00 ] 127.0.0.1 /business/index.php/Post/ztree.html
INFO: [ app_begin ] --START--
INFO: Run Behavior\ReadHtmlCacheBehavior [ RunTime:0.000000s ]
INFO: [ app_begin ] --END-- [ RunTime:0.001000s ]
SQL: SHOW COLUMNS FROM `tbl_cate` [ RunTime:0.0040s ]
NOTIC: [8] Undefined variable: cnt D:\html\business\App\MangerSystem\Model\CateModel.class.php 第 39 行.
SQL: SELECT `id` AS `id`,`parent_id` AS `pid`,`cate_name` AS `name`,`cate_name_alias` AS `alias` FROM `tbl_cate` WHERE `parent_id` = 0 AND `is_deleted` = 0 ORDER BY `sort_order` DESC  [ RunTime:0.0020s ]
SQL: SELECT COUNT(id) AS tp_count FROM `tbl_cate` WHERE `parent_id` = 8 LIMIT 1   [ RunTime:0.0010s ]
SQL: SELECT COUNT(id) AS tp_count FROM `tbl_cate` WHERE `parent_id` = 7 LIMIT 1   [ RunTime:0.0000s ]
INFO: [ app_end ] --START--
INFO: Run Behavior\ShowPageTraceBehavior [ RunTime:0.000000s ]
INFO: [ app_end ] --END-- [ RunTime:0.002000s ]

[ 2016-09-26T07:30:48+08:00 ] 127.0.0.1 /business/index.php/Post/ztree.html
INFO: [ app_begin ] --START--
INFO: Run Behavior\ReadHtmlCacheBehavior [ RunTime:0.001000s ]
INFO: [ app_begin ] --END-- [ RunTime:0.001000s ]
SQL: SHOW COLUMNS FROM `tbl_cate` [ RunTime:0.0030s ]
NOTIC: [8] Undefined variable: cnt D:\html\business\App\MangerSystem\Model\CateModel.class.php 第 39 行.
SQL: SELECT `id` AS `id`,`parent_id` AS `pid`,`cate_name` AS `name`,`cate_name_alias` AS `alias` FROM `tbl_cate` WHERE `parent_id` = 0 AND `is_deleted` = 0 ORDER BY `sort_order` DESC  [ RunTime:0.0000s ]
SQL: SELECT COUNT(id) AS tp_count FROM `tbl_cate` WHERE `parent_id` = 8 LIMIT 1   [ RunTime:0.0010s ]
SQL: SELECT COUNT(id) AS tp_count FROM `tbl_cate` WHERE `parent_id` = 7 LIMIT 1   [ RunTime:0.0000s ]
INFO: [ app_end ] --START--
INFO: Run Behavior\ShowPageTraceBehavior [ RunTime:0.001000s ]
INFO: [ app_end ] --END-- [ RunTime:0.001000s ]

[ 2016-09-26T07:30:49+08:00 ] 127.0.0.1 /business/index.php/Post/ztree.html
INFO: [ app_begin ] --START--
INFO: Run Behavior\ReadHtmlCacheBehavior [ RunTime:0.001000s ]
INFO: [ app_begin ] --END-- [ RunTime:0.001000s ]
SQL: SHOW COLUMNS FROM `tbl_cate` [ RunTime:0.0040s ]
NOTIC: [8] Undefined variable: cnt D:\html\business\App\MangerSystem\Model\CateModel.class.php 第 39 行.
SQL: SELECT `id` AS `id`,`parent_id` AS `pid`,`cate_name` AS `name`,`cate_name_alias` AS `alias` FROM `tbl_cate` WHERE `parent_id` = 0 AND `is_deleted` = 0 ORDER BY `sort_order` DESC  [ RunTime:0.0010s ]
SQL: SELECT COUNT(id) AS tp_count FROM `tbl_cate` WHERE `parent_id` = 8 LIMIT 1   [ RunTime:0.0010s ]
SQL: SELECT COUNT(id) AS tp_count FROM `tbl_cate` WHERE `parent_id` = 7 LIMIT 1   [ RunTime:0.0000s ]
INFO: [ app_end ] --START--
INFO: Run Behavior\ShowPageTraceBehavior [ RunTime:0.001000s ]
INFO: [ app_end ] --END-- [ RunTime:0.001000s ]

[ 2016-09-26T07:30:50+08:00 ] 127.0.0.1 /business/index.php/Post/ztree.html
INFO: [ app_begin ] --START--
INFO: Run Behavior\ReadHtmlCacheBehavior [ RunTime:0.001000s ]
INFO: [ app_begin ] --END-- [ RunTime:0.002000s ]
SQL: SHOW COLUMNS FROM `tbl_cate` [ RunTime:0.0030s ]
NOTIC: [8] Undefined variable: cnt D:\html\business\App\MangerSystem\Model\CateModel.class.php 第 39 行.
SQL: SELECT `id` AS `id`,`parent_id` AS `pid`,`cate_name` AS `name`,`cate_name_alias` AS `alias` FROM `tbl_cate` WHERE `parent_id` = 0 AND `is_deleted` = 0 ORDER BY `sort_order` DESC  [ RunTime:0.0010s ]
SQL: SELECT COUNT(id) AS tp_count FROM `tbl_cate` WHERE `parent_id` = 8 LIMIT 1   [ RunTime:0.0000s ]
SQL: SELECT COUNT(id) AS tp_count FROM `tbl_cate` WHERE `parent_id` = 7 LIMIT 1   [ RunTime:0.0000s ]
INFO: [ app_end ] --START--
INFO: Run Behavior\ShowPageTraceBehavior [ RunTime:0.001000s ]
INFO: [ app_end ] --END-- [ RunTime:0.002000s ]

[ 2016-09-26T07:30:54+08:00 ] 127.0.0.1 /business/index.php/Post/ztree.html
INFO: [ app_begin ] --START--
INFO: Run Behavior\ReadHtmlCacheBehavior [ RunTime:0.001000s ]
INFO: [ app_begin ] --END-- [ RunTime:0.001000s ]
SQL: SHOW COLUMNS FROM `tbl_cate` [ RunTime:0.0020s ]
NOTIC: [8] Undefined variable: cnt D:\html\business\App\MangerSystem\Model\CateModel.class.php 第 39 行.
SQL: SELECT `id` AS `id`,`parent_id` AS `pid`,`cate_name` AS `name`,`cate_name_alias` AS `alias` FROM `tbl_cate` WHERE `parent_id` = 0 AND `is_deleted` = 0 ORDER BY `sort_order` DESC  [ RunTime:0.0010s ]
SQL: SELECT COUNT(id) AS tp_count FROM `tbl_cate` WHERE `parent_id` = 8 LIMIT 1   [ RunTime:0.0010s ]
SQL: SELECT COUNT(id) AS tp_count FROM `tbl_cate` WHERE `parent_id` = 7 LIMIT 1   [ RunTime:0.0010s ]
INFO: [ app_end ] --START--
INFO: Run Behavior\ShowPageTraceBehavior [ RunTime:0.001000s ]
INFO: [ app_end ] --END-- [ RunTime:0.001000s ]

