[ 2016-09-29T05:27:14+08:00 ] 127.0.0.1 /business/index.php/Cate/ztree.html
INFO: [ app_begin ] --START--
INFO: Run Behavior\ReadHtmlCacheBehavior [ RunTime:0.001000s ]
INFO: [ app_begin ] --END-- [ RunTime:0.001000s ]
SQL: SHOW COLUMNS FROM `tbl_cate` [ RunTime:0.0030s ]
NOTIC: [8] Undefined variable: cnt D:\html\business\App\MangerSystem\Model\CateModel.class.php 第 39 行.
SQL: SELECT `id` AS `id`,`parent_id` AS `pid`,`cate_name` AS `name`,`cate_name_alias` AS `alias` FROM `tbl_cate` WHERE `parent_id` = 0 AND `is_deleted` = 0 ORDER BY `sort_order` DESC  [ RunTime:0.0010s ]
SQL: SELECT COUNT(id) AS tp_count FROM `tbl_cate` WHERE `parent_id` = 1 LIMIT 1   [ RunTime:0.0010s ]
SQL: SELECT COUNT(id) AS tp_count FROM `tbl_cate` WHERE `parent_id` = 2 LIMIT 1   [ RunTime:0.0010s ]
SQL: SELECT COUNT(id) AS tp_count FROM `tbl_cate` WHERE `parent_id` = 791 LIMIT 1   [ RunTime:0.0010s ]
SQL: SELECT COUNT(id) AS tp_count FROM `tbl_cate` WHERE `parent_id` = 573 LIMIT 1   [ RunTime:0.0000s ]
SQL: SELECT COUNT(id) AS tp_count FROM `tbl_cate` WHERE `parent_id` = 576 LIMIT 1   [ RunTime:0.0010s ]
SQL: SELECT COUNT(id) AS tp_count FROM `tbl_cate` WHERE `parent_id` = 577 LIMIT 1   [ RunTime:0.0010s ]
SQL: SELECT COUNT(id) AS tp_count FROM `tbl_cate` WHERE `parent_id` = 578 LIMIT 1   [ RunTime:0.0010s ]
SQL: SELECT COUNT(id) AS tp_count FROM `tbl_cate` WHERE `parent_id` = 579 LIMIT 1   [ RunTime:0.0000s ]
SQL: SELECT COUNT(id) AS tp_count FROM `tbl_cate` WHERE `parent_id` = 580 LIMIT 1   [ RunTime:0.0020s ]
SQL: SELECT COUNT(id) AS tp_count FROM `tbl_cate` WHERE `parent_id` = 581 LIMIT 1   [ RunTime:0.0020s ]
SQL: SELECT COUNT(id) AS tp_count FROM `tbl_cate` WHERE `parent_id` = 582 LIMIT 1   [ RunTime:0.0010s ]
SQL: SELECT COUNT(id) AS tp_count FROM `tbl_cate` WHERE `parent_id` = 583 LIMIT 1   [ RunTime:0.0010s ]
SQL: SELECT COUNT(id) AS tp_count FROM `tbl_cate` WHERE `parent_id` = 575 LIMIT 1   [ RunTime:0.0010s ]
SQL: SELECT COUNT(id) AS tp_count FROM `tbl_cate` WHERE `parent_id` = 574 LIMIT 1   [ RunTime:0.0010s ]
SQL: SELECT COUNT(id) AS tp_count FROM `tbl_cate` WHERE `parent_id` = 572 LIMIT 1   [ RunTime:0.0010s ]
SQL: SELECT COUNT(id) AS tp_count FROM `tbl_cate` WHERE `parent_id` = 571 LIMIT 1   [ RunTime:0.0010s ]
SQL: SELECT COUNT(id) AS tp_count FROM `tbl_cate` WHERE `parent_id` = 6 LIMIT 1   [ RunTime:0.0010s ]
SQL: SELECT COUNT(id) AS tp_count FROM `tbl_cate` WHERE `parent_id` = 783 LIMIT 1   [ RunTime:0.0010s ]
SQL: SELECT COUNT(id) AS tp_count FROM `tbl_cate` WHERE `parent_id` = 9 LIMIT 1   [ RunTime:0.0020s ]
SQL: SELECT COUNT(id) AS tp_count FROM `tbl_cate` WHERE `parent_id` = 10 LIMIT 1   [ RunTime:0.0010s ]
SQL: SELECT COUNT(id) AS tp_count FROM `tbl_cate` WHERE `parent_id` = 11 LIMIT 1   [ RunTime:0.0020s ]
SQL: SELECT COUNT(id) AS tp_count FROM `tbl_cate` WHERE `parent_id` = 12 LIMIT 1   [ RunTime:0.0010s ]
SQL: SELECT COUNT(id) AS tp_count FROM `tbl_cate` WHERE `parent_id` = 13 LIMIT 1   [ RunTime:0.0010s ]
SQL: SELECT COUNT(id) AS tp_count FROM `tbl_cate` WHERE `parent_id` = 14 LIMIT 1   [ RunTime:0.0000s ]
SQL: SELECT COUNT(id) AS tp_count FROM `tbl_cate` WHERE `parent_id` = 8 LIMIT 1   [ RunTime:0.0010s ]
INFO: [ app_end ] --START--
INFO: Run Behavior\ShowPageTraceBehavior [ RunTime:0.001000s ]
INFO: [ app_end ] --END-- [ RunTime:0.001000s ]

[ 2016-09-29T05:27:36+08:00 ] 127.0.0.1 /business/index.php/Post/view/id/3363.html?_pjax=%23content
INFO: [ app_begin ] --START--
INFO: Run Behavior\ReadHtmlCacheBehavior [ RunTime:0.000000s ]
INFO: [ app_begin ] --END-- [ RunTime:0.001000s ]
SQL: SHOW COLUMNS FROM `tbl_post` [ RunTime:0.0030s ]
SQL: SELECT MAX(post_id) AS tp_max FROM `tbl_post` WHERE ( post_id < 3363 ) LIMIT 1   [ RunTime:0.0160s ]
SQL: SHOW COLUMNS FROM `tbl_post` [ RunTime:0.0020s ]
SQL: SELECT * FROM `tbl_post` WHERE `post_id` = 3362 LIMIT 1   [ RunTime:0.0000s ]
SQL: SELECT MIN(post_id) AS tp_min FROM `tbl_post` WHERE ( post_id > 3363 ) LIMIT 1   [ RunTime:0.0000s ]
SQL: SELECT * FROM `tbl_post` WHERE `post_id` = 3364 LIMIT 1   [ RunTime:0.0000s ]
SQL: select sum(reply_count) as reply_count , sum(view_count) view_count, count(post_id) post_count , min(create_time) begin_time from tbl_post WHERE `status_is` = 'Y' AND `is_deleted` = '0' [ RunTime:0.1110s ]
INFO: [ view_parse ] --START--
INFO: [ template_filter ] --START--
INFO: Run Behavior\ContentReplaceBehavior [ RunTime:0.000000s ]
INFO: [ template_filter ] --END-- [ RunTime:0.000000s ]
INFO: Run Behavior\ParseTemplateBehavior [ RunTime:0.000000s ]
INFO: [ view_parse ] --END-- [ RunTime:0.000000s ]
INFO: [ view_filter ] --START--
INFO: Run Behavior\WriteHtmlCacheBehavior [ RunTime:0.000000s ]
INFO: [ view_filter ] --END-- [ RunTime:0.000000s ]
SQL: SELECT `post_id`,`title`,`view_count`,`reply_count` FROM `tbl_post` WHERE `is_deleted` = 0 ORDER BY `create_time` DESC,`sort_order` DESC LIMIT 10   [ RunTime:0.5460s ]
INFO: [ view_parse ] --START--
INFO: [ template_filter ] --START--
INFO: Run Behavior\ContentReplaceBehavior [ RunTime:0.000000s ]
INFO: [ template_filter ] --END-- [ RunTime:-0.563000s ]
INFO: Run Behavior\ParseTemplateBehavior [ RunTime:0.014000s ]
INFO: [ view_parse ] --END-- [ RunTime:-0.558000s ]
INFO: [ view_filter ] --START--
INFO: Run Behavior\WriteHtmlCacheBehavior [ RunTime:0.000000s ]
INFO: [ view_filter ] --END-- [ RunTime:-0.572000s ]
SQL: SHOW COLUMNS FROM `tbl_comment` [ RunTime:0.0020s ]
SQL: SELECT `comment_id`,`post_id`,`nickname`,`content`,`email` FROM `tbl_comment` ORDER BY `create_time` DESC LIMIT 10   [ RunTime:0.0000s ]
INFO: [ view_parse ] --START--
INFO: [ template_filter ] --START--
INFO: Run Behavior\ContentReplaceBehavior [ RunTime:0.001000s ]
INFO: [ template_filter ] --END-- [ RunTime:-0.584000s ]
INFO: Run Behavior\ParseTemplateBehavior [ RunTime:0.013000s ]
INFO: [ view_parse ] --END-- [ RunTime:-0.579000s ]
INFO: [ view_filter ] --START--
INFO: Run Behavior\WriteHtmlCacheBehavior [ RunTime:0.001000s ]
INFO: [ view_filter ] --END-- [ RunTime:-0.592000s ]
SQL: SHOW COLUMNS FROM `tbl_tags` [ RunTime:0.0020s ]
SQL: SELECT `id`,`tag_name`,`data_count` FROM `tbl_tags` ORDER BY `data_count` DESC  [ RunTime:0.0010s ]
INFO: [ view_parse ] --START--
INFO: [ template_filter ] --START--
INFO: Run Behavior\ContentReplaceBehavior [ RunTime:0.000000s ]
INFO: [ template_filter ] --END-- [ RunTime:-0.604000s ]
INFO: Run Behavior\ParseTemplateBehavior [ RunTime:0.015000s ]
INFO: [ view_parse ] --END-- [ RunTime:-0.599000s ]
INFO: [ view_filter ] --START--
INFO: Run Behavior\WriteHtmlCacheBehavior [ RunTime:0.000000s ]
INFO: [ view_filter ] --END-- [ RunTime:-0.614000s ]
SQL: SELECT MAX(create_time) AS tp_max FROM `tbl_post` WHERE `is_deleted` = 0 AND `status_is` = 'Y' LIMIT 1   [ RunTime:0.5350s ]
INFO: [ view_parse ] --START--
INFO: [ template_filter ] --START--
INFO: Run Behavior\ContentReplaceBehavior [ RunTime:0.000000s ]
INFO: [ template_filter ] --END-- [ RunTime:-1.158000s ]
INFO: Run Behavior\ParseTemplateBehavior [ RunTime:0.013000s ]
INFO: [ view_parse ] --END-- [ RunTime:-1.152000s ]
INFO: [ view_filter ] --START--
INFO: Run Behavior\WriteHtmlCacheBehavior [ RunTime:0.001000s ]
INFO: [ view_filter ] --END-- [ RunTime:-1.166000s ]
SQL: SHOW COLUMNS FROM `tbl_cate` [ RunTime:0.0030s ]
SQL: SHOW COLUMNS FROM `tbl_cate` [ RunTime:0.0020s ]
SQL: SELECT `id`,`cate_name` FROM `tbl_cate`  [ RunTime:0.0020s ]
SQL: SELECT `post_id`,`title`,`cate_id`,`create_time`,`tags`,`content`,`view_count`,`reply_count` FROM `tbl_post` WHERE `post_id` = 3363 LIMIT 1   [ RunTime:0.0010s ]
SQL: SELECT COUNT(comment_id) AS tp_count FROM `tbl_comment` WHERE `post_id` = 3363 LIMIT 1   [ RunTime:0.0010s ]
SQL: SELECT `comment_id`,`post_id`,`nickname`,`content`,`email`,`create_time` FROM `tbl_comment` WHERE `post_id` = 3363 ORDER BY `create_time` DESC LIMIT 0,8   [ RunTime:0.0010s ]
INFO: [ view_parse ] --START--
INFO: [ template_filter ] --START--
INFO: Run Behavior\ContentReplaceBehavior [ RunTime:0.001000s ]
INFO: [ template_filter ] --END-- [ RunTime:-1.208000s ]
INFO: Run Behavior\ParseTemplateBehavior [ RunTime:0.024000s ]
INFO: [ view_parse ] --END-- [ RunTime:-1.188000s ]
INFO: [ view_filter ] --START--
INFO: Run Behavior\WriteHtmlCacheBehavior [ RunTime:0.000000s ]
INFO: [ view_filter ] --END-- [ RunTime:-1.213000s ]
SQL: UPDATE `tbl_post` SET `view_count`=view_count+1 WHERE `post_id` = 3363 [ RunTime:0.0000s ]
SQL: SHOW COLUMNS FROM `tbl_attr_val` [ RunTime:0.0120s ]
SQL: DELETE FROM `tbl_attr_val` WHERE `post_id` = 3363 [ RunTime:0.0010s ]
INFO: [ view_parse ] --START--
INFO: [ template_filter ] --START--
INFO: Run Behavior\ContentReplaceBehavior [ RunTime:0.000000s ]
INFO: [ template_filter ] --END-- [ RunTime:-1.236000s ]
INFO: Run Behavior\ParseTemplateBehavior [ RunTime:0.015000s ]
INFO: [ view_parse ] --END-- [ RunTime:-1.230000s ]
INFO: [ view_filter ] --START--
INFO: Run Behavior\WriteHtmlCacheBehavior [ RunTime:0.000000s ]
INFO: [ view_filter ] --END-- [ RunTime:-1.245000s ]
INFO: [ app_end ] --START--
INFO: Run Behavior\ShowPageTraceBehavior [ RunTime:0.001000s ]
INFO: [ app_end ] --END-- [ RunTime:0.001000s ]

[ 2016-09-29T05:27:43+08:00 ] 127.0.0.1 /business/index.php/Cate/ztree.html
INFO: [ app_begin ] --START--
INFO: Run Behavior\ReadHtmlCacheBehavior [ RunTime:0.001000s ]
INFO: [ app_begin ] --END-- [ RunTime:0.002000s ]
SQL: SHOW COLUMNS FROM `tbl_cate` [ RunTime:0.0030s ]
NOTIC: [8] Undefined variable: cnt D:\html\business\App\MangerSystem\Model\CateModel.class.php 第 39 行.
SQL: SELECT `id` AS `id`,`parent_id` AS `pid`,`cate_name` AS `name`,`cate_name_alias` AS `alias` FROM `tbl_cate` WHERE `parent_id` = 0 AND `is_deleted` = 0 ORDER BY `sort_order` DESC  [ RunTime:0.0010s ]
SQL: SELECT COUNT(id) AS tp_count FROM `tbl_cate` WHERE `parent_id` = 1 LIMIT 1   [ RunTime:0.0010s ]
SQL: SELECT COUNT(id) AS tp_count FROM `tbl_cate` WHERE `parent_id` = 2 LIMIT 1   [ RunTime:0.0010s ]
SQL: SELECT COUNT(id) AS tp_count FROM `tbl_cate` WHERE `parent_id` = 791 LIMIT 1   [ RunTime:0.0010s ]
SQL: SELECT COUNT(id) AS tp_count FROM `tbl_cate` WHERE `parent_id` = 573 LIMIT 1   [ RunTime:0.0010s ]
SQL: SELECT COUNT(id) AS tp_count FROM `tbl_cate` WHERE `parent_id` = 576 LIMIT 1   [ RunTime:0.0010s ]
SQL: SELECT COUNT(id) AS tp_count FROM `tbl_cate` WHERE `parent_id` = 577 LIMIT 1   [ RunTime:0.0000s ]
SQL: SELECT COUNT(id) AS tp_count FROM `tbl_cate` WHERE `parent_id` = 578 LIMIT 1   [ RunTime:0.0010s ]
SQL: SELECT COUNT(id) AS tp_count FROM `tbl_cate` WHERE `parent_id` = 579 LIMIT 1   [ RunTime:0.0010s ]
SQL: SELECT COUNT(id) AS tp_count FROM `tbl_cate` WHERE `parent_id` = 580 LIMIT 1   [ RunTime:0.0010s ]
SQL: SELECT COUNT(id) AS tp_count FROM `tbl_cate` WHERE `parent_id` = 581 LIMIT 1   [ RunTime:0.0000s ]
SQL: SELECT COUNT(id) AS tp_count FROM `tbl_cate` WHERE `parent_id` = 582 LIMIT 1   [ RunTime:0.0010s ]
SQL: SELECT COUNT(id) AS tp_count FROM `tbl_cate` WHERE `parent_id` = 583 LIMIT 1   [ RunTime:0.0010s ]
SQL: SELECT COUNT(id) AS tp_count FROM `tbl_cate` WHERE `parent_id` = 575 LIMIT 1   [ RunTime:0.0000s ]
SQL: SELECT COUNT(id) AS tp_count FROM `tbl_cate` WHERE `parent_id` = 574 LIMIT 1   [ RunTime:0.0010s ]
SQL: SELECT COUNT(id) AS tp_count FROM `tbl_cate` WHERE `parent_id` = 572 LIMIT 1   [ RunTime:0.0010s ]
SQL: SELECT COUNT(id) AS tp_count FROM `tbl_cate` WHERE `parent_id` = 571 LIMIT 1   [ RunTime:0.0010s ]
SQL: SELECT COUNT(id) AS tp_count FROM `tbl_cate` WHERE `parent_id` = 6 LIMIT 1   [ RunTime:0.0010s ]
SQL: SELECT COUNT(id) AS tp_count FROM `tbl_cate` WHERE `parent_id` = 783 LIMIT 1   [ RunTime:0.0000s ]
SQL: SELECT COUNT(id) AS tp_count FROM `tbl_cate` WHERE `parent_id` = 9 LIMIT 1   [ RunTime:0.0010s ]
SQL: SELECT COUNT(id) AS tp_count FROM `tbl_cate` WHERE `parent_id` = 10 LIMIT 1   [ RunTime:0.0000s ]
SQL: SELECT COUNT(id) AS tp_count FROM `tbl_cate` WHERE `parent_id` = 11 LIMIT 1   [ RunTime:0.0010s ]
SQL: SELECT COUNT(id) AS tp_count FROM `tbl_cate` WHERE `parent_id` = 12 LIMIT 1   [ RunTime:0.0000s ]
SQL: SELECT COUNT(id) AS tp_count FROM `tbl_cate` WHERE `parent_id` = 13 LIMIT 1   [ RunTime:0.0010s ]
SQL: SELECT COUNT(id) AS tp_count FROM `tbl_cate` WHERE `parent_id` = 14 LIMIT 1   [ RunTime:0.0010s ]
SQL: SELECT COUNT(id) AS tp_count FROM `tbl_cate` WHERE `parent_id` = 8 LIMIT 1   [ RunTime:0.0010s ]
INFO: [ app_end ] --START--
INFO: Run Behavior\ShowPageTraceBehavior [ RunTime:0.001000s ]
INFO: [ app_end ] --END-- [ RunTime:0.001000s ]

[ 2016-09-29T05:28:07+08:00 ] 127.0.0.1 /business/index.php/Cate/ztree.html
INFO: [ app_begin ] --START--
INFO: Run Behavior\ReadHtmlCacheBehavior [ RunTime:0.001000s ]
INFO: [ app_begin ] --END-- [ RunTime:0.001000s ]
SQL: SHOW COLUMNS FROM `tbl_cate` [ RunTime:0.0030s ]
NOTIC: [8] Undefined variable: cnt D:\html\business\App\MangerSystem\Model\CateModel.class.php 第 39 行.
SQL: SELECT `id` AS `id`,`parent_id` AS `pid`,`cate_name` AS `name`,`cate_name_alias` AS `alias` FROM `tbl_cate` WHERE `parent_id` = 0 AND `is_deleted` = 0 ORDER BY `sort_order` DESC  [ RunTime:0.0010s ]
SQL: SELECT COUNT(id) AS tp_count FROM `tbl_cate` WHERE `parent_id` = 1 LIMIT 1   [ RunTime:0.0010s ]
SQL: SELECT COUNT(id) AS tp_count FROM `tbl_cate` WHERE `parent_id` = 2 LIMIT 1   [ RunTime:0.0010s ]
SQL: SELECT COUNT(id) AS tp_count FROM `tbl_cate` WHERE `parent_id` = 791 LIMIT 1   [ RunTime:0.0010s ]
SQL: SELECT COUNT(id) AS tp_count FROM `tbl_cate` WHERE `parent_id` = 573 LIMIT 1   [ RunTime:0.0000s ]
SQL: SELECT COUNT(id) AS tp_count FROM `tbl_cate` WHERE `parent_id` = 576 LIMIT 1   [ RunTime:0.0010s ]
SQL: SELECT COUNT(id) AS tp_count FROM `tbl_cate` WHERE `parent_id` = 577 LIMIT 1   [ RunTime:0.0010s ]
SQL: SELECT COUNT(id) AS tp_count FROM `tbl_cate` WHERE `parent_id` = 578 LIMIT 1   [ RunTime:0.0010s ]
SQL: SELECT COUNT(id) AS tp_count FROM `tbl_cate` WHERE `parent_id` = 579 LIMIT 1   [ RunTime:0.0000s ]
SQL: SELECT COUNT(id) AS tp_count FROM `tbl_cate` WHERE `parent_id` = 580 LIMIT 1   [ RunTime:0.0010s ]
SQL: SELECT COUNT(id) AS tp_count FROM `tbl_cate` WHERE `parent_id` = 581 LIMIT 1   [ RunTime:0.0000s ]
SQL: SELECT COUNT(id) AS tp_count FROM `tbl_cate` WHERE `parent_id` = 582 LIMIT 1   [ RunTime:0.0010s ]
SQL: SELECT COUNT(id) AS tp_count FROM `tbl_cate` WHERE `parent_id` = 583 LIMIT 1   [ RunTime:0.0010s ]
SQL: SELECT COUNT(id) AS tp_count FROM `tbl_cate` WHERE `parent_id` = 575 LIMIT 1   [ RunTime:0.0000s ]
SQL: SELECT COUNT(id) AS tp_count FROM `tbl_cate` WHERE `parent_id` = 574 LIMIT 1   [ RunTime:0.0010s ]
SQL: SELECT COUNT(id) AS tp_count FROM `tbl_cate` WHERE `parent_id` = 572 LIMIT 1   [ RunTime:0.0010s ]
SQL: SELECT COUNT(id) AS tp_count FROM `tbl_cate` WHERE `parent_id` = 571 LIMIT 1   [ RunTime:0.0010s ]
SQL: SELECT COUNT(id) AS tp_count FROM `tbl_cate` WHERE `parent_id` = 6 LIMIT 1   [ RunTime:0.0000s ]
SQL: SELECT COUNT(id) AS tp_count FROM `tbl_cate` WHERE `parent_id` = 783 LIMIT 1   [ RunTime:0.0010s ]
SQL: SELECT COUNT(id) AS tp_count FROM `tbl_cate` WHERE `parent_id` = 9 LIMIT 1   [ RunTime:0.0000s ]
SQL: SELECT COUNT(id) AS tp_count FROM `tbl_cate` WHERE `parent_id` = 10 LIMIT 1   [ RunTime:0.0010s ]
SQL: SELECT COUNT(id) AS tp_count FROM `tbl_cate` WHERE `parent_id` = 11 LIMIT 1   [ RunTime:0.0000s ]
SQL: SELECT COUNT(id) AS tp_count FROM `tbl_cate` WHERE `parent_id` = 12 LIMIT 1   [ RunTime:0.0010s ]
SQL: SELECT COUNT(id) AS tp_count FROM `tbl_cate` WHERE `parent_id` = 13 LIMIT 1   [ RunTime:0.0010s ]
SQL: SELECT COUNT(id) AS tp_count FROM `tbl_cate` WHERE `parent_id` = 14 LIMIT 1   [ RunTime:0.0000s ]
SQL: SELECT COUNT(id) AS tp_count FROM `tbl_cate` WHERE `parent_id` = 8 LIMIT 1   [ RunTime:0.0010s ]
INFO: [ app_end ] --START--
INFO: Run Behavior\ShowPageTraceBehavior [ RunTime:0.002000s ]
INFO: [ app_end ] --END-- [ RunTime:0.003000s ]

[ 2016-09-29T05:42:17+08:00 ] 127.0.0.1 /business/index.php/Cate/ztree.html
INFO: [ app_begin ] --START--
INFO: Run Behavior\ReadHtmlCacheBehavior [ RunTime:0.001000s ]
INFO: [ app_begin ] --END-- [ RunTime:0.002000s ]
SQL: SHOW COLUMNS FROM `tbl_cate` [ RunTime:0.0040s ]
NOTIC: [8] Undefined variable: cnt D:\html\business\App\MangerSystem\Model\CateModel.class.php 第 39 行.
SQL: SELECT `id` AS `id`,`parent_id` AS `pid`,`cate_name` AS `name`,`cate_name_alias` AS `alias` FROM `tbl_cate` WHERE `parent_id` = 578 AND `is_deleted` = 0 ORDER BY `sort_order` DESC  [ RunTime:0.0020s ]
SQL: SELECT COUNT(id) AS tp_count FROM `tbl_cate` WHERE `parent_id` = 653 LIMIT 1   [ RunTime:0.0010s ]
SQL: SELECT COUNT(id) AS tp_count FROM `tbl_cate` WHERE `parent_id` = 654 LIMIT 1   [ RunTime:0.0010s ]
SQL: SELECT COUNT(id) AS tp_count FROM `tbl_cate` WHERE `parent_id` = 655 LIMIT 1   [ RunTime:0.0010s ]
SQL: SELECT COUNT(id) AS tp_count FROM `tbl_cate` WHERE `parent_id` = 656 LIMIT 1   [ RunTime:0.0010s ]
SQL: SELECT COUNT(id) AS tp_count FROM `tbl_cate` WHERE `parent_id` = 657 LIMIT 1   [ RunTime:0.0010s ]
SQL: SELECT COUNT(id) AS tp_count FROM `tbl_cate` WHERE `parent_id` = 658 LIMIT 1   [ RunTime:0.0010s ]
SQL: SELECT COUNT(id) AS tp_count FROM `tbl_cate` WHERE `parent_id` = 659 LIMIT 1   [ RunTime:0.0010s ]
SQL: SELECT COUNT(id) AS tp_count FROM `tbl_cate` WHERE `parent_id` = 660 LIMIT 1   [ RunTime:0.0010s ]
INFO: [ app_end ] --START--
INFO: Run Behavior\ShowPageTraceBehavior [ RunTime:0.001000s ]
INFO: [ app_end ] --END-- [ RunTime:0.001000s ]

[ 2016-09-29T05:42:27+08:00 ] 127.0.0.1 /business/index.php/Cate/ztree.html
INFO: [ app_begin ] --START--
INFO: Run Behavior\ReadHtmlCacheBehavior [ RunTime:0.000000s ]
INFO: [ app_begin ] --END-- [ RunTime:0.002000s ]
SQL: SHOW COLUMNS FROM `tbl_cate` [ RunTime:0.0020s ]
NOTIC: [8] Undefined variable: cnt D:\html\business\App\MangerSystem\Model\CateModel.class.php 第 39 行.
SQL: SELECT `id` AS `id`,`parent_id` AS `pid`,`cate_name` AS `name`,`cate_name_alias` AS `alias` FROM `tbl_cate` WHERE `parent_id` = 0 AND `is_deleted` = 0 ORDER BY `sort_order` DESC  [ RunTime:0.0010s ]
SQL: SELECT COUNT(id) AS tp_count FROM `tbl_cate` WHERE `parent_id` = 1 LIMIT 1   [ RunTime:0.0020s ]
SQL: SELECT COUNT(id) AS tp_count FROM `tbl_cate` WHERE `parent_id` = 2 LIMIT 1   [ RunTime:0.0000s ]
SQL: SELECT COUNT(id) AS tp_count FROM `tbl_cate` WHERE `parent_id` = 791 LIMIT 1   [ RunTime:0.0010s ]
SQL: SELECT COUNT(id) AS tp_count FROM `tbl_cate` WHERE `parent_id` = 573 LIMIT 1   [ RunTime:0.0000s ]
SQL: SELECT COUNT(id) AS tp_count FROM `tbl_cate` WHERE `parent_id` = 576 LIMIT 1   [ RunTime:0.0010s ]
SQL: SELECT COUNT(id) AS tp_count FROM `tbl_cate` WHERE `parent_id` = 577 LIMIT 1   [ RunTime:0.0010s ]
SQL: SELECT COUNT(id) AS tp_count FROM `tbl_cate` WHERE `parent_id` = 578 LIMIT 1   [ RunTime:0.0000s ]
SQL: SELECT COUNT(id) AS tp_count FROM `tbl_cate` WHERE `parent_id` = 579 LIMIT 1   [ RunTime:0.0010s ]
SQL: SELECT COUNT(id) AS tp_count FROM `tbl_cate` WHERE `parent_id` = 580 LIMIT 1   [ RunTime:0.0000s ]
SQL: SELECT COUNT(id) AS tp_count FROM `tbl_cate` WHERE `parent_id` = 581 LIMIT 1   [ RunTime:0.0010s ]
SQL: SELECT COUNT(id) AS tp_count FROM `tbl_cate` WHERE `parent_id` = 582 LIMIT 1   [ RunTime:0.0030s ]
SQL: SELECT COUNT(id) AS tp_count FROM `tbl_cate` WHERE `parent_id` = 583 LIMIT 1   [ RunTime:0.0000s ]
SQL: SELECT COUNT(id) AS tp_count FROM `tbl_cate` WHERE `parent_id` = 575 LIMIT 1   [ RunTime:0.0010s ]
SQL: SELECT COUNT(id) AS tp_count FROM `tbl_cate` WHERE `parent_id` = 574 LIMIT 1   [ RunTime:0.0000s ]
SQL: SELECT COUNT(id) AS tp_count FROM `tbl_cate` WHERE `parent_id` = 572 LIMIT 1   [ RunTime:0.0010s ]
SQL: SELECT COUNT(id) AS tp_count FROM `tbl_cate` WHERE `parent_id` = 571 LIMIT 1   [ RunTime:0.0010s ]
SQL: SELECT COUNT(id) AS tp_count FROM `tbl_cate` WHERE `parent_id` = 6 LIMIT 1   [ RunTime:0.0160s ]
SQL: SELECT COUNT(id) AS tp_count FROM `tbl_cate` WHERE `parent_id` = 783 LIMIT 1   [ RunTime:0.0010s ]
SQL: SELECT COUNT(id) AS tp_count FROM `tbl_cate` WHERE `parent_id` = 9 LIMIT 1   [ RunTime:0.0000s ]
SQL: SELECT COUNT(id) AS tp_count FROM `tbl_cate` WHERE `parent_id` = 10 LIMIT 1   [ RunTime:0.0000s ]
SQL: SELECT COUNT(id) AS tp_count FROM `tbl_cate` WHERE `parent_id` = 11 LIMIT 1   [ RunTime:0.0010s ]
SQL: SELECT COUNT(id) AS tp_count FROM `tbl_cate` WHERE `parent_id` = 12 LIMIT 1   [ RunTime:0.0000s ]
SQL: SELECT COUNT(id) AS tp_count FROM `tbl_cate` WHERE `parent_id` = 13 LIMIT 1   [ RunTime:0.0010s ]
SQL: SELECT COUNT(id) AS tp_count FROM `tbl_cate` WHERE `parent_id` = 14 LIMIT 1   [ RunTime:0.0000s ]
SQL: SELECT COUNT(id) AS tp_count FROM `tbl_cate` WHERE `parent_id` = 8 LIMIT 1   [ RunTime:0.0010s ]
INFO: [ app_end ] --START--
INFO: Run Behavior\ShowPageTraceBehavior [ RunTime:0.000000s ]
INFO: [ app_end ] --END-- [ RunTime:0.002000s ]

[ 2016-09-29T06:06:50+08:00 ] 127.0.0.1 /business/index.php/Cate/ztree.html
INFO: [ app_begin ] --START--
INFO: Run Behavior\ReadHtmlCacheBehavior [ RunTime:0.000000s ]
INFO: [ app_begin ] --END-- [ RunTime:0.001000s ]
SQL: SHOW COLUMNS FROM `tbl_cate` [ RunTime:0.0000s ]
SQL: SELECT `id` AS `id`,`parent_id` AS `pid`,`cate_name` AS `name`,`cate_name_alias` AS `alias` FROM `tbl_cate` WHERE `parent_id` = 0 AND `is_deleted` = 0 ORDER BY `sort_order` DESC  [ RunTime:0.0000s ]
SQL: SELECT COUNT(id) AS tp_count FROM `tbl_cate` WHERE `parent_id` = 1 LIMIT 1   [ RunTime:0.0156s ]
SQL: SELECT COUNT(id) AS tp_count FROM `tbl_cate` WHERE `parent_id` = 2 LIMIT 1   [ RunTime:0.0000s ]
SQL: SELECT COUNT(id) AS tp_count FROM `tbl_cate` WHERE `parent_id` = 791 LIMIT 1   [ RunTime:0.0000s ]
SQL: SELECT COUNT(id) AS tp_count FROM `tbl_cate` WHERE `parent_id` = 573 LIMIT 1   [ RunTime:0.0000s ]
SQL: SELECT COUNT(id) AS tp_count FROM `tbl_cate` WHERE `parent_id` = 576 LIMIT 1   [ RunTime:0.0000s ]
SQL: SELECT COUNT(id) AS tp_count FROM `tbl_cate` WHERE `parent_id` = 577 LIMIT 1   [ RunTime:0.0000s ]
SQL: SELECT COUNT(id) AS tp_count FROM `tbl_cate` WHERE `parent_id` = 578 LIMIT 1   [ RunTime:0.0000s ]
SQL: SELECT COUNT(id) AS tp_count FROM `tbl_cate` WHERE `parent_id` = 579 LIMIT 1   [ RunTime:0.0156s ]
SQL: SELECT COUNT(id) AS tp_count FROM `tbl_cate` WHERE `parent_id` = 580 LIMIT 1   [ RunTime:0.0000s ]
SQL: SELECT COUNT(id) AS tp_count FROM `tbl_cate` WHERE `parent_id` = 581 LIMIT 1   [ RunTime:0.0000s ]
SQL: SELECT COUNT(id) AS tp_count FROM `tbl_cate` WHERE `parent_id` = 582 LIMIT 1   [ RunTime:0.0000s ]
SQL: SELECT COUNT(id) AS tp_count FROM `tbl_cate` WHERE `parent_id` = 583 LIMIT 1   [ RunTime:0.0000s ]
SQL: SELECT COUNT(id) AS tp_count FROM `tbl_cate` WHERE `parent_id` = 575 LIMIT 1   [ RunTime:0.0000s ]
SQL: SELECT COUNT(id) AS tp_count FROM `tbl_cate` WHERE `parent_id` = 574 LIMIT 1   [ RunTime:0.0000s ]
SQL: SELECT COUNT(id) AS tp_count FROM `tbl_cate` WHERE `parent_id` = 572 LIMIT 1   [ RunTime:0.0000s ]
SQL: SELECT COUNT(id) AS tp_count FROM `tbl_cate` WHERE `parent_id` = 571 LIMIT 1   [ RunTime:0.0000s ]
SQL: SELECT COUNT(id) AS tp_count FROM `tbl_cate` WHERE `parent_id` = 6 LIMIT 1   [ RunTime:0.0000s ]
SQL: SELECT COUNT(id) AS tp_count FROM `tbl_cate` WHERE `parent_id` = 783 LIMIT 1   [ RunTime:0.0000s ]
SQL: SELECT COUNT(id) AS tp_count FROM `tbl_cate` WHERE `parent_id` = 9 LIMIT 1   [ RunTime:0.0000s ]
SQL: SELECT COUNT(id) AS tp_count FROM `tbl_cate` WHERE `parent_id` = 10 LIMIT 1   [ RunTime:0.0000s ]
SQL: SELECT COUNT(id) AS tp_count FROM `tbl_cate` WHERE `parent_id` = 11 LIMIT 1   [ RunTime:0.0000s ]
SQL: SELECT COUNT(id) AS tp_count FROM `tbl_cate` WHERE `parent_id` = 12 LIMIT 1   [ RunTime:0.0000s ]
SQL: SELECT COUNT(id) AS tp_count FROM `tbl_cate` WHERE `parent_id` = 13 LIMIT 1   [ RunTime:0.0000s ]
SQL: SELECT COUNT(id) AS tp_count FROM `tbl_cate` WHERE `parent_id` = 14 LIMIT 1   [ RunTime:0.0000s ]
SQL: SELECT COUNT(id) AS tp_count FROM `tbl_cate` WHERE `parent_id` = 8 LIMIT 1   [ RunTime:0.0000s ]
INFO: [ app_end ] --START--
INFO: Run Behavior\ShowPageTraceBehavior [ RunTime:0.000000s ]
INFO: [ app_end ] --END-- [ RunTime:0.000000s ]

[ 2016-09-29T06:55:03+08:00 ] 127.0.0.1 /business/index.php/Cate/ztree.html
INFO: [ app_begin ] --START--
INFO: Run Behavior\ReadHtmlCacheBehavior [ RunTime:0.001000s ]
INFO: [ app_begin ] --END-- [ RunTime:0.002000s ]
SQL: SHOW COLUMNS FROM `tbl_cate` [ RunTime:0.0030s ]
SQL: SELECT `id` AS `id`,`parent_id` AS `pid`,`cate_name` AS `name`,`cate_name_alias` AS `alias` FROM `tbl_cate` WHERE `parent_id` = 0 AND `is_deleted` = 0 ORDER BY `sort_order` DESC  [ RunTime:0.0010s ]
SQL: SELECT COUNT(id) AS tp_count FROM `tbl_cate` WHERE `parent_id` = 1 LIMIT 1   [ RunTime:0.0000s ]
SQL: SELECT COUNT(id) AS tp_count FROM `tbl_cate` WHERE `parent_id` = 2 LIMIT 1   [ RunTime:0.0020s ]
SQL: SELECT COUNT(id) AS tp_count FROM `tbl_cate` WHERE `parent_id` = 791 LIMIT 1   [ RunTime:0.0010s ]
SQL: SELECT COUNT(id) AS tp_count FROM `tbl_cate` WHERE `parent_id` = 573 LIMIT 1   [ RunTime:0.0010s ]
SQL: SELECT COUNT(id) AS tp_count FROM `tbl_cate` WHERE `parent_id` = 576 LIMIT 1   [ RunTime:0.0000s ]
SQL: SELECT COUNT(id) AS tp_count FROM `tbl_cate` WHERE `parent_id` = 577 LIMIT 1   [ RunTime:0.0010s ]
SQL: SELECT COUNT(id) AS tp_count FROM `tbl_cate` WHERE `parent_id` = 578 LIMIT 1   [ RunTime:0.0010s ]
SQL: SELECT COUNT(id) AS tp_count FROM `tbl_cate` WHERE `parent_id` = 579 LIMIT 1   [ RunTime:0.0010s ]
SQL: SELECT COUNT(id) AS tp_count FROM `tbl_cate` WHERE `parent_id` = 580 LIMIT 1   [ RunTime:0.0010s ]
SQL: SELECT COUNT(id) AS tp_count FROM `tbl_cate` WHERE `parent_id` = 581 LIMIT 1   [ RunTime:0.0010s ]
SQL: SELECT COUNT(id) AS tp_count FROM `tbl_cate` WHERE `parent_id` = 582 LIMIT 1   [ RunTime:0.0010s ]
SQL: SELECT COUNT(id) AS tp_count FROM `tbl_cate` WHERE `parent_id` = 583 LIMIT 1   [ RunTime:0.0000s ]
SQL: SELECT COUNT(id) AS tp_count FROM `tbl_cate` WHERE `parent_id` = 575 LIMIT 1   [ RunTime:0.0010s ]
SQL: SELECT COUNT(id) AS tp_count FROM `tbl_cate` WHERE `parent_id` = 574 LIMIT 1   [ RunTime:0.0000s ]
SQL: SELECT COUNT(id) AS tp_count FROM `tbl_cate` WHERE `parent_id` = 572 LIMIT 1   [ RunTime:0.0010s ]
SQL: SELECT COUNT(id) AS tp_count FROM `tbl_cate` WHERE `parent_id` = 571 LIMIT 1   [ RunTime:0.0010s ]
SQL: SELECT COUNT(id) AS tp_count FROM `tbl_cate` WHERE `parent_id` = 6 LIMIT 1   [ RunTime:0.0000s ]
SQL: SELECT COUNT(id) AS tp_count FROM `tbl_cate` WHERE `parent_id` = 783 LIMIT 1   [ RunTime:0.0010s ]
SQL: SELECT COUNT(id) AS tp_count FROM `tbl_cate` WHERE `parent_id` = 9 LIMIT 1   [ RunTime:0.0000s ]
SQL: SELECT COUNT(id) AS tp_count FROM `tbl_cate` WHERE `parent_id` = 10 LIMIT 1   [ RunTime:0.0010s ]
SQL: SELECT COUNT(id) AS tp_count FROM `tbl_cate` WHERE `parent_id` = 11 LIMIT 1   [ RunTime:0.0000s ]
SQL: SELECT COUNT(id) AS tp_count FROM `tbl_cate` WHERE `parent_id` = 12 LIMIT 1   [ RunTime:0.0010s ]
SQL: SELECT COUNT(id) AS tp_count FROM `tbl_cate` WHERE `parent_id` = 13 LIMIT 1   [ RunTime:0.0000s ]
SQL: SELECT COUNT(id) AS tp_count FROM `tbl_cate` WHERE `parent_id` = 14 LIMIT 1   [ RunTime:0.0010s ]
SQL: SELECT COUNT(id) AS tp_count FROM `tbl_cate` WHERE `parent_id` = 8 LIMIT 1   [ RunTime:0.0010s ]
INFO: [ app_end ] --START--
INFO: Run Behavior\ShowPageTraceBehavior [ RunTime:0.001000s ]
INFO: [ app_end ] --END-- [ RunTime:0.001000s ]

[ 2016-09-29T06:55:06+08:00 ] 127.0.0.1 /business/index.php/Cate/ztree.html
INFO: [ app_begin ] --START--
INFO: Run Behavior\ReadHtmlCacheBehavior [ RunTime:0.001000s ]
INFO: [ app_begin ] --END-- [ RunTime:0.001000s ]
SQL: SHOW COLUMNS FROM `tbl_cate` [ RunTime:0.0030s ]
SQL: SELECT `id` AS `id`,`parent_id` AS `pid`,`cate_name` AS `name`,`cate_name_alias` AS `alias` FROM `tbl_cate` WHERE `parent_id` = 573 AND `is_deleted` = 0 ORDER BY `sort_order` DESC  [ RunTime:0.0010s ]
SQL: SELECT COUNT(id) AS tp_count FROM `tbl_cate` WHERE `parent_id` = 602 LIMIT 1   [ RunTime:0.0000s ]
SQL: SELECT COUNT(id) AS tp_count FROM `tbl_cate` WHERE `parent_id` = 613 LIMIT 1   [ RunTime:0.0020s ]
SQL: SELECT COUNT(id) AS tp_count FROM `tbl_cate` WHERE `parent_id` = 612 LIMIT 1   [ RunTime:0.0000s ]
SQL: SELECT COUNT(id) AS tp_count FROM `tbl_cate` WHERE `parent_id` = 611 LIMIT 1   [ RunTime:0.0010s ]
SQL: SELECT COUNT(id) AS tp_count FROM `tbl_cate` WHERE `parent_id` = 610 LIMIT 1   [ RunTime:0.0010s ]
SQL: SELECT COUNT(id) AS tp_count FROM `tbl_cate` WHERE `parent_id` = 609 LIMIT 1   [ RunTime:0.0010s ]
SQL: SELECT COUNT(id) AS tp_count FROM `tbl_cate` WHERE `parent_id` = 608 LIMIT 1   [ RunTime:0.0010s ]
SQL: SELECT COUNT(id) AS tp_count FROM `tbl_cate` WHERE `parent_id` = 607 LIMIT 1   [ RunTime:0.0010s ]
SQL: SELECT COUNT(id) AS tp_count FROM `tbl_cate` WHERE `parent_id` = 606 LIMIT 1   [ RunTime:0.0010s ]
SQL: SELECT COUNT(id) AS tp_count FROM `tbl_cate` WHERE `parent_id` = 605 LIMIT 1   [ RunTime:0.0010s ]
SQL: SELECT COUNT(id) AS tp_count FROM `tbl_cate` WHERE `parent_id` = 604 LIMIT 1   [ RunTime:0.0010s ]
SQL: SELECT COUNT(id) AS tp_count FROM `tbl_cate` WHERE `parent_id` = 603 LIMIT 1   [ RunTime:0.0030s ]
SQL: SELECT COUNT(id) AS tp_count FROM `tbl_cate` WHERE `parent_id` = 614 LIMIT 1   [ RunTime:0.0010s ]
INFO: [ app_end ] --START--
INFO: Run Behavior\ShowPageTraceBehavior [ RunTime:0.001000s ]
INFO: [ app_end ] --END-- [ RunTime:0.001000s ]

