[ 2016-09-28T06:31:58+08:00 ] 127.0.0.1 /business/index.php/MangerSystem/Cate/ztree
INFO: [ app_begin ] --START--
INFO: Run Behavior\ReadHtmlCacheBehavior [ RunTime:0.001000s ]
INFO: [ app_begin ] --END-- [ RunTime:0.001000s ]
SQL: SHOW COLUMNS FROM `tbl_cate` [ RunTime:0.0020s ]
NOTIC: [8] Undefined variable: cnt D:\html\business\App\MangerSystem\Model\CateModel.class.php 第 39 行.
SQL: SELECT `id` AS `id`,`parent_id` AS `pid`,`cate_name` AS `name`,`cate_name_alias` AS `alias` FROM `tbl_cate` WHERE `parent_id` = 0 AND `is_deleted` = 0 ORDER BY `sort_order` DESC  [ RunTime:0.0010s ]
SQL: SELECT COUNT(id) AS tp_count FROM `tbl_cate` WHERE `parent_id` = 1 LIMIT 1   [ RunTime:0.0000s ]
SQL: SELECT COUNT(id) AS tp_count FROM `tbl_cate` WHERE `parent_id` = 2 LIMIT 1   [ RunTime:0.0010s ]
SQL: SELECT COUNT(id) AS tp_count FROM `tbl_cate` WHERE `parent_id` = 791 LIMIT 1   [ RunTime:0.0010s ]
SQL: SELECT COUNT(id) AS tp_count FROM `tbl_cate` WHERE `parent_id` = 573 LIMIT 1   [ RunTime:0.0000s ]
SQL: SELECT COUNT(id) AS tp_count FROM `tbl_cate` WHERE `parent_id` = 576 LIMIT 1   [ RunTime:0.0010s ]
SQL: SELECT COUNT(id) AS tp_count FROM `tbl_cate` WHERE `parent_id` = 577 LIMIT 1   [ RunTime:0.0010s ]
SQL: SELECT COUNT(id) AS tp_count FROM `tbl_cate` WHERE `parent_id` = 578 LIMIT 1   [ RunTime:0.0010s ]
SQL: SELECT COUNT(id) AS tp_count FROM `tbl_cate` WHERE `parent_id` = 579 LIMIT 1   [ RunTime:0.0000s ]
SQL: SELECT COUNT(id) AS tp_count FROM `tbl_cate` WHERE `parent_id` = 580 LIMIT 1   [ RunTime:0.0000s ]
SQL: SELECT COUNT(id) AS tp_count FROM `tbl_cate` WHERE `parent_id` = 581 LIMIT 1   [ RunTime:0.0010s ]
SQL: SELECT COUNT(id) AS tp_count FROM `tbl_cate` WHERE `parent_id` = 582 LIMIT 1   [ RunTime:0.0000s ]
SQL: SELECT COUNT(id) AS tp_count FROM `tbl_cate` WHERE `parent_id` = 583 LIMIT 1   [ RunTime:0.0000s ]
SQL: SELECT COUNT(id) AS tp_count FROM `tbl_cate` WHERE `parent_id` = 575 LIMIT 1   [ RunTime:0.0010s ]
SQL: SELECT COUNT(id) AS tp_count FROM `tbl_cate` WHERE `parent_id` = 574 LIMIT 1   [ RunTime:0.0000s ]
SQL: SELECT COUNT(id) AS tp_count FROM `tbl_cate` WHERE `parent_id` = 572 LIMIT 1   [ RunTime:0.0010s ]
SQL: SELECT COUNT(id) AS tp_count FROM `tbl_cate` WHERE `parent_id` = 571 LIMIT 1   [ RunTime:0.0000s ]
SQL: SELECT COUNT(id) AS tp_count FROM `tbl_cate` WHERE `parent_id` = 6 LIMIT 1   [ RunTime:0.0000s ]
SQL: SELECT COUNT(id) AS tp_count FROM `tbl_cate` WHERE `parent_id` = 783 LIMIT 1   [ RunTime:0.0010s ]
SQL: SELECT COUNT(id) AS tp_count FROM `tbl_cate` WHERE `parent_id` = 9 LIMIT 1   [ RunTime:0.0010s ]
SQL: SELECT COUNT(id) AS tp_count FROM `tbl_cate` WHERE `parent_id` = 10 LIMIT 1   [ RunTime:0.0010s ]
SQL: SELECT COUNT(id) AS tp_count FROM `tbl_cate` WHERE `parent_id` = 11 LIMIT 1   [ RunTime:0.0000s ]
SQL: SELECT COUNT(id) AS tp_count FROM `tbl_cate` WHERE `parent_id` = 12 LIMIT 1   [ RunTime:0.0010s ]
SQL: SELECT COUNT(id) AS tp_count FROM `tbl_cate` WHERE `parent_id` = 13 LIMIT 1   [ RunTime:0.0010s ]
SQL: SELECT COUNT(id) AS tp_count FROM `tbl_cate` WHERE `parent_id` = 14 LIMIT 1   [ RunTime:0.0000s ]
SQL: SELECT COUNT(id) AS tp_count FROM `tbl_cate` WHERE `parent_id` = 8 LIMIT 1   [ RunTime:0.0010s ]
INFO: [ app_end ] --START--
INFO: Run Behavior\ShowPageTraceBehavior [ RunTime:0.000000s ]
INFO: [ app_end ] --END-- [ RunTime:0.001000s ]

[ 2016-09-28T06:31:58+08:00 ] 127.0.0.1 /business/index.php/MangerSystem/Cate/ztree
SQL: SHOW COLUMNS FROM `tbl_cate` [ RunTime:0.0050s ]
NOTIC: [8] Undefined variable: cnt D:\html\business\App\MangerSystem\Model\CateModel.class.php 第 39 行.
SQL: SELECT `id` AS `id`,`parent_id` AS `pid`,`cate_name` AS `name`,`cate_name_alias` AS `alias` FROM `tbl_cate` WHERE `parent_id` = 0 AND `is_deleted` = 0 ORDER BY `sort_order` DESC  [ RunTime:0.0010s ]
SQL: SELECT COUNT(id) AS tp_count FROM `tbl_cate` WHERE `parent_id` = 1 LIMIT 1   [ RunTime:0.0010s ]
SQL: SELECT COUNT(id) AS tp_count FROM `tbl_cate` WHERE `parent_id` = 2 LIMIT 1   [ RunTime:0.0000s ]
SQL: SELECT COUNT(id) AS tp_count FROM `tbl_cate` WHERE `parent_id` = 791 LIMIT 1   [ RunTime:0.0010s ]
SQL: SELECT COUNT(id) AS tp_count FROM `tbl_cate` WHERE `parent_id` = 573 LIMIT 1   [ RunTime:0.0000s ]
SQL: SELECT COUNT(id) AS tp_count FROM `tbl_cate` WHERE `parent_id` = 576 LIMIT 1   [ RunTime:0.0010s ]
SQL: SELECT COUNT(id) AS tp_count FROM `tbl_cate` WHERE `parent_id` = 577 LIMIT 1   [ RunTime:0.0000s ]
SQL: SELECT COUNT(id) AS tp_count FROM `tbl_cate` WHERE `parent_id` = 578 LIMIT 1   [ RunTime:0.0010s ]
SQL: SELECT COUNT(id) AS tp_count FROM `tbl_cate` WHERE `parent_id` = 579 LIMIT 1   [ RunTime:0.0010s ]
SQL: SELECT COUNT(id) AS tp_count FROM `tbl_cate` WHERE `parent_id` = 580 LIMIT 1   [ RunTime:0.0000s ]
SQL: SELECT COUNT(id) AS tp_count FROM `tbl_cate` WHERE `parent_id` = 581 LIMIT 1   [ RunTime:0.0010s ]
SQL: SELECT COUNT(id) AS tp_count FROM `tbl_cate` WHERE `parent_id` = 582 LIMIT 1   [ RunTime:0.0010s ]
SQL: SELECT COUNT(id) AS tp_count FROM `tbl_cate` WHERE `parent_id` = 583 LIMIT 1   [ RunTime:0.0000s ]
SQL: SELECT COUNT(id) AS tp_count FROM `tbl_cate` WHERE `parent_id` = 575 LIMIT 1   [ RunTime:0.0010s ]
SQL: SELECT COUNT(id) AS tp_count FROM `tbl_cate` WHERE `parent_id` = 574 LIMIT 1   [ RunTime:0.0000s ]
SQL: SELECT COUNT(id) AS tp_count FROM `tbl_cate` WHERE `parent_id` = 572 LIMIT 1   [ RunTime:0.0010s ]
SQL: SELECT COUNT(id) AS tp_count FROM `tbl_cate` WHERE `parent_id` = 571 LIMIT 1   [ RunTime:0.0000s ]
SQL: SELECT COUNT(id) AS tp_count FROM `tbl_cate` WHERE `parent_id` = 6 LIMIT 1   [ RunTime:0.0010s ]
SQL: SELECT COUNT(id) AS tp_count FROM `tbl_cate` WHERE `parent_id` = 783 LIMIT 1   [ RunTime:0.0000s ]
SQL: SELECT COUNT(id) AS tp_count FROM `tbl_cate` WHERE `parent_id` = 9 LIMIT 1   [ RunTime:0.0010s ]
SQL: SELECT COUNT(id) AS tp_count FROM `tbl_cate` WHERE `parent_id` = 10 LIMIT 1   [ RunTime:0.0000s ]
SQL: SELECT COUNT(id) AS tp_count FROM `tbl_cate` WHERE `parent_id` = 11 LIMIT 1   [ RunTime:0.0010s ]
SQL: SELECT COUNT(id) AS tp_count FROM `tbl_cate` WHERE `parent_id` = 12 LIMIT 1   [ RunTime:0.0000s ]
SQL: SELECT COUNT(id) AS tp_count FROM `tbl_cate` WHERE `parent_id` = 13 LIMIT 1   [ RunTime:0.0010s ]
SQL: SELECT COUNT(id) AS tp_count FROM `tbl_cate` WHERE `parent_id` = 14 LIMIT 1   [ RunTime:0.0000s ]
SQL: SELECT COUNT(id) AS tp_count FROM `tbl_cate` WHERE `parent_id` = 8 LIMIT 1   [ RunTime:0.0010s ]
INFO: [ app_end ] --START--
INFO: Run Behavior\ShowPageTraceBehavior [ RunTime:0.000000s ]
INFO: [ app_end ] --END-- [ RunTime:0.001000s ]

[ 2016-09-28T06:33:10+08:00 ] 127.0.0.1 /business/index.php/MangerSystem/Cate/ztree
INFO: [ app_begin ] --START--
INFO: Run Behavior\ReadHtmlCacheBehavior [ RunTime:0.000000s ]
INFO: [ app_begin ] --END-- [ RunTime:0.002000s ]
SQL: SHOW COLUMNS FROM `tbl_cate` [ RunTime:0.0320s ]
NOTIC: [8] Undefined variable: cnt D:\html\business\App\MangerSystem\Model\CateModel.class.php 第 39 行.
SQL: SELECT `id` AS `id`,`parent_id` AS `pid`,`cate_name` AS `name`,`cate_name_alias` AS `alias` FROM `tbl_cate` WHERE `parent_id` = 0 AND `is_deleted` = 0 ORDER BY `sort_order` DESC  [ RunTime:0.0010s ]
SQL: SELECT COUNT(id) AS tp_count FROM `tbl_cate` WHERE `parent_id` = 1 LIMIT 1   [ RunTime:0.0050s ]
SQL: SELECT COUNT(id) AS tp_count FROM `tbl_cate` WHERE `parent_id` = 2 LIMIT 1   [ RunTime:0.0010s ]
SQL: SELECT COUNT(id) AS tp_count FROM `tbl_cate` WHERE `parent_id` = 791 LIMIT 1   [ RunTime:0.0000s ]
SQL: SELECT COUNT(id) AS tp_count FROM `tbl_cate` WHERE `parent_id` = 573 LIMIT 1   [ RunTime:0.0000s ]
SQL: SELECT COUNT(id) AS tp_count FROM `tbl_cate` WHERE `parent_id` = 576 LIMIT 1   [ RunTime:0.0010s ]
SQL: SELECT COUNT(id) AS tp_count FROM `tbl_cate` WHERE `parent_id` = 577 LIMIT 1   [ RunTime:0.0000s ]
SQL: SELECT COUNT(id) AS tp_count FROM `tbl_cate` WHERE `parent_id` = 578 LIMIT 1   [ RunTime:0.0010s ]
SQL: SELECT COUNT(id) AS tp_count FROM `tbl_cate` WHERE `parent_id` = 579 LIMIT 1   [ RunTime:0.0010s ]
SQL: SELECT COUNT(id) AS tp_count FROM `tbl_cate` WHERE `parent_id` = 580 LIMIT 1   [ RunTime:0.0010s ]
SQL: SELECT COUNT(id) AS tp_count FROM `tbl_cate` WHERE `parent_id` = 581 LIMIT 1   [ RunTime:0.0000s ]
SQL: SELECT COUNT(id) AS tp_count FROM `tbl_cate` WHERE `parent_id` = 582 LIMIT 1   [ RunTime:0.0010s ]
SQL: SELECT COUNT(id) AS tp_count FROM `tbl_cate` WHERE `parent_id` = 583 LIMIT 1   [ RunTime:0.0000s ]
SQL: SELECT COUNT(id) AS tp_count FROM `tbl_cate` WHERE `parent_id` = 575 LIMIT 1   [ RunTime:0.0010s ]
SQL: SELECT COUNT(id) AS tp_count FROM `tbl_cate` WHERE `parent_id` = 574 LIMIT 1   [ RunTime:0.0010s ]
SQL: SELECT COUNT(id) AS tp_count FROM `tbl_cate` WHERE `parent_id` = 572 LIMIT 1   [ RunTime:0.0000s ]
SQL: SELECT COUNT(id) AS tp_count FROM `tbl_cate` WHERE `parent_id` = 571 LIMIT 1   [ RunTime:0.0010s ]
SQL: SELECT COUNT(id) AS tp_count FROM `tbl_cate` WHERE `parent_id` = 6 LIMIT 1   [ RunTime:0.0010s ]
SQL: SELECT COUNT(id) AS tp_count FROM `tbl_cate` WHERE `parent_id` = 783 LIMIT 1   [ RunTime:0.0010s ]
SQL: SELECT COUNT(id) AS tp_count FROM `tbl_cate` WHERE `parent_id` = 9 LIMIT 1   [ RunTime:0.0010s ]
SQL: SELECT COUNT(id) AS tp_count FROM `tbl_cate` WHERE `parent_id` = 10 LIMIT 1   [ RunTime:0.0000s ]
SQL: SELECT COUNT(id) AS tp_count FROM `tbl_cate` WHERE `parent_id` = 11 LIMIT 1   [ RunTime:0.0010s ]
SQL: SELECT COUNT(id) AS tp_count FROM `tbl_cate` WHERE `parent_id` = 12 LIMIT 1   [ RunTime:0.0000s ]
SQL: SELECT COUNT(id) AS tp_count FROM `tbl_cate` WHERE `parent_id` = 13 LIMIT 1   [ RunTime:0.0010s ]
SQL: SELECT COUNT(id) AS tp_count FROM `tbl_cate` WHERE `parent_id` = 14 LIMIT 1   [ RunTime:0.0010s ]
SQL: SELECT COUNT(id) AS tp_count FROM `tbl_cate` WHERE `parent_id` = 8 LIMIT 1   [ RunTime:0.0010s ]
INFO: [ app_end ] --START--
INFO: Run Behavior\ShowPageTraceBehavior [ RunTime:0.001000s ]
INFO: [ app_end ] --END-- [ RunTime:0.001000s ]

[ 2016-09-28T06:33:10+08:00 ] 127.0.0.1 /business/index.php/MangerSystem/Cate/ztree
SQL: SHOW COLUMNS FROM `tbl_cate` [ RunTime:0.0040s ]
NOTIC: [8] Undefined variable: cnt D:\html\business\App\MangerSystem\Model\CateModel.class.php 第 39 行.
SQL: SELECT `id` AS `id`,`parent_id` AS `pid`,`cate_name` AS `name`,`cate_name_alias` AS `alias` FROM `tbl_cate` WHERE `parent_id` = 0 AND `is_deleted` = 0 ORDER BY `sort_order` DESC  [ RunTime:0.0000s ]
SQL: SELECT COUNT(id) AS tp_count FROM `tbl_cate` WHERE `parent_id` = 1 LIMIT 1   [ RunTime:0.0000s ]
SQL: SELECT COUNT(id) AS tp_count FROM `tbl_cate` WHERE `parent_id` = 2 LIMIT 1   [ RunTime:0.0000s ]
SQL: SELECT COUNT(id) AS tp_count FROM `tbl_cate` WHERE `parent_id` = 791 LIMIT 1   [ RunTime:0.0010s ]
SQL: SELECT COUNT(id) AS tp_count FROM `tbl_cate` WHERE `parent_id` = 573 LIMIT 1   [ RunTime:0.0000s ]
SQL: SELECT COUNT(id) AS tp_count FROM `tbl_cate` WHERE `parent_id` = 576 LIMIT 1   [ RunTime:0.0010s ]
SQL: SELECT COUNT(id) AS tp_count FROM `tbl_cate` WHERE `parent_id` = 577 LIMIT 1   [ RunTime:0.0000s ]
SQL: SELECT COUNT(id) AS tp_count FROM `tbl_cate` WHERE `parent_id` = 578 LIMIT 1   [ RunTime:0.0010s ]
SQL: SELECT COUNT(id) AS tp_count FROM `tbl_cate` WHERE `parent_id` = 579 LIMIT 1   [ RunTime:0.0010s ]
SQL: SELECT COUNT(id) AS tp_count FROM `tbl_cate` WHERE `parent_id` = 580 LIMIT 1   [ RunTime:0.0000s ]
SQL: SELECT COUNT(id) AS tp_count FROM `tbl_cate` WHERE `parent_id` = 581 LIMIT 1   [ RunTime:0.0010s ]
SQL: SELECT COUNT(id) AS tp_count FROM `tbl_cate` WHERE `parent_id` = 582 LIMIT 1   [ RunTime:0.0000s ]
SQL: SELECT COUNT(id) AS tp_count FROM `tbl_cate` WHERE `parent_id` = 583 LIMIT 1   [ RunTime:0.0010s ]
SQL: SELECT COUNT(id) AS tp_count FROM `tbl_cate` WHERE `parent_id` = 575 LIMIT 1   [ RunTime:0.0000s ]
SQL: SELECT COUNT(id) AS tp_count FROM `tbl_cate` WHERE `parent_id` = 574 LIMIT 1   [ RunTime:0.0010s ]
SQL: SELECT COUNT(id) AS tp_count FROM `tbl_cate` WHERE `parent_id` = 572 LIMIT 1   [ RunTime:0.0000s ]
SQL: SELECT COUNT(id) AS tp_count FROM `tbl_cate` WHERE `parent_id` = 571 LIMIT 1   [ RunTime:0.0010s ]
SQL: SELECT COUNT(id) AS tp_count FROM `tbl_cate` WHERE `parent_id` = 6 LIMIT 1   [ RunTime:0.0010s ]
SQL: SELECT COUNT(id) AS tp_count FROM `tbl_cate` WHERE `parent_id` = 783 LIMIT 1   [ RunTime:0.0000s ]
SQL: SELECT COUNT(id) AS tp_count FROM `tbl_cate` WHERE `parent_id` = 9 LIMIT 1   [ RunTime:0.0010s ]
SQL: SELECT COUNT(id) AS tp_count FROM `tbl_cate` WHERE `parent_id` = 10 LIMIT 1   [ RunTime:0.0010s ]
SQL: SELECT COUNT(id) AS tp_count FROM `tbl_cate` WHERE `parent_id` = 11 LIMIT 1   [ RunTime:0.0010s ]
SQL: SELECT COUNT(id) AS tp_count FROM `tbl_cate` WHERE `parent_id` = 12 LIMIT 1   [ RunTime:0.0010s ]
SQL: SELECT COUNT(id) AS tp_count FROM `tbl_cate` WHERE `parent_id` = 13 LIMIT 1   [ RunTime:0.0010s ]
SQL: SELECT COUNT(id) AS tp_count FROM `tbl_cate` WHERE `parent_id` = 14 LIMIT 1   [ RunTime:0.0010s ]
SQL: SELECT COUNT(id) AS tp_count FROM `tbl_cate` WHERE `parent_id` = 8 LIMIT 1   [ RunTime:0.0010s ]
INFO: [ app_end ] --START--
INFO: Run Behavior\ShowPageTraceBehavior [ RunTime:0.001000s ]
INFO: [ app_end ] --END-- [ RunTime:0.001000s ]

[ 2016-09-28T06:33:16+08:00 ] 127.0.0.1 /business/index.php/MangerSystem/Cate/ztree?pid=573
INFO: [ app_begin ] --START--
INFO: Run Behavior\ReadHtmlCacheBehavior [ RunTime:0.000000s ]
INFO: [ app_begin ] --END-- [ RunTime:0.002000s ]
SQL: SHOW COLUMNS FROM `tbl_cate` [ RunTime:0.0030s ]
NOTIC: [8] Undefined variable: cnt D:\html\business\App\MangerSystem\Model\CateModel.class.php 第 39 行.
SQL: SELECT `id` AS `id`,`parent_id` AS `pid`,`cate_name` AS `name`,`cate_name_alias` AS `alias` FROM `tbl_cate` WHERE `parent_id` = 573 AND `is_deleted` = 0 ORDER BY `sort_order` DESC  [ RunTime:0.0010s ]
SQL: SELECT COUNT(id) AS tp_count FROM `tbl_cate` WHERE `parent_id` = 602 LIMIT 1   [ RunTime:0.0000s ]
SQL: SELECT COUNT(id) AS tp_count FROM `tbl_cate` WHERE `parent_id` = 613 LIMIT 1   [ RunTime:0.0010s ]
SQL: SELECT COUNT(id) AS tp_count FROM `tbl_cate` WHERE `parent_id` = 612 LIMIT 1   [ RunTime:0.0000s ]
SQL: SELECT COUNT(id) AS tp_count FROM `tbl_cate` WHERE `parent_id` = 611 LIMIT 1   [ RunTime:0.0010s ]
SQL: SELECT COUNT(id) AS tp_count FROM `tbl_cate` WHERE `parent_id` = 610 LIMIT 1   [ RunTime:0.0010s ]
SQL: SELECT COUNT(id) AS tp_count FROM `tbl_cate` WHERE `parent_id` = 609 LIMIT 1   [ RunTime:0.0010s ]
SQL: SELECT COUNT(id) AS tp_count FROM `tbl_cate` WHERE `parent_id` = 608 LIMIT 1   [ RunTime:0.0000s ]
SQL: SELECT COUNT(id) AS tp_count FROM `tbl_cate` WHERE `parent_id` = 607 LIMIT 1   [ RunTime:0.0010s ]
SQL: SELECT COUNT(id) AS tp_count FROM `tbl_cate` WHERE `parent_id` = 606 LIMIT 1   [ RunTime:0.0010s ]
SQL: SELECT COUNT(id) AS tp_count FROM `tbl_cate` WHERE `parent_id` = 605 LIMIT 1   [ RunTime:0.0000s ]
SQL: SELECT COUNT(id) AS tp_count FROM `tbl_cate` WHERE `parent_id` = 604 LIMIT 1   [ RunTime:0.0010s ]
SQL: SELECT COUNT(id) AS tp_count FROM `tbl_cate` WHERE `parent_id` = 603 LIMIT 1   [ RunTime:0.0010s ]
SQL: SELECT COUNT(id) AS tp_count FROM `tbl_cate` WHERE `parent_id` = 614 LIMIT 1   [ RunTime:0.0000s ]
INFO: [ app_end ] --START--
INFO: Run Behavior\ShowPageTraceBehavior [ RunTime:0.001000s ]
INFO: [ app_end ] --END-- [ RunTime:0.001000s ]

[ 2016-09-28T06:33:16+08:00 ] 127.0.0.1 /business/index.php/MangerSystem/Cate/ztree?pid=573
SQL: SHOW COLUMNS FROM `tbl_cate` [ RunTime:0.0040s ]
NOTIC: [8] Undefined variable: cnt D:\html\business\App\MangerSystem\Model\CateModel.class.php 第 39 行.
SQL: SELECT `id` AS `id`,`parent_id` AS `pid`,`cate_name` AS `name`,`cate_name_alias` AS `alias` FROM `tbl_cate` WHERE `parent_id` = 573 AND `is_deleted` = 0 ORDER BY `sort_order` DESC  [ RunTime:0.0010s ]
SQL: SELECT COUNT(id) AS tp_count FROM `tbl_cate` WHERE `parent_id` = 602 LIMIT 1   [ RunTime:0.0010s ]
SQL: SELECT COUNT(id) AS tp_count FROM `tbl_cate` WHERE `parent_id` = 613 LIMIT 1   [ RunTime:0.0010s ]
SQL: SELECT COUNT(id) AS tp_count FROM `tbl_cate` WHERE `parent_id` = 612 LIMIT 1   [ RunTime:0.0000s ]
SQL: SELECT COUNT(id) AS tp_count FROM `tbl_cate` WHERE `parent_id` = 611 LIMIT 1   [ RunTime:0.0010s ]
SQL: SELECT COUNT(id) AS tp_count FROM `tbl_cate` WHERE `parent_id` = 610 LIMIT 1   [ RunTime:0.0010s ]
SQL: SELECT COUNT(id) AS tp_count FROM `tbl_cate` WHERE `parent_id` = 609 LIMIT 1   [ RunTime:0.0000s ]
SQL: SELECT COUNT(id) AS tp_count FROM `tbl_cate` WHERE `parent_id` = 608 LIMIT 1   [ RunTime:0.0010s ]
SQL: SELECT COUNT(id) AS tp_count FROM `tbl_cate` WHERE `parent_id` = 607 LIMIT 1   [ RunTime:0.0000s ]
SQL: SELECT COUNT(id) AS tp_count FROM `tbl_cate` WHERE `parent_id` = 606 LIMIT 1   [ RunTime:0.0010s ]
SQL: SELECT COUNT(id) AS tp_count FROM `tbl_cate` WHERE `parent_id` = 605 LIMIT 1   [ RunTime:0.0000s ]
SQL: SELECT COUNT(id) AS tp_count FROM `tbl_cate` WHERE `parent_id` = 604 LIMIT 1   [ RunTime:0.0020s ]
SQL: SELECT COUNT(id) AS tp_count FROM `tbl_cate` WHERE `parent_id` = 603 LIMIT 1   [ RunTime:0.0000s ]
SQL: SELECT COUNT(id) AS tp_count FROM `tbl_cate` WHERE `parent_id` = 614 LIMIT 1   [ RunTime:0.0010s ]
INFO: [ app_end ] --START--
INFO: Run Behavior\ShowPageTraceBehavior [ RunTime:0.001000s ]
INFO: [ app_end ] --END-- [ RunTime:0.001000s ]

[ 2016-09-28T06:33:19+08:00 ] 127.0.0.1 /business/index.php/MangerSystem/Cate/ztree
INFO: [ app_begin ] --START--
INFO: Run Behavior\ReadHtmlCacheBehavior [ RunTime:0.000000s ]
INFO: [ app_begin ] --END-- [ RunTime:0.000000s ]
SQL: SHOW COLUMNS FROM `tbl_cate` [ RunTime:0.0000s ]
NOTIC: [8] Undefined variable: cnt D:\html\business\App\MangerSystem\Model\CateModel.class.php 第 39 行.
SQL: SELECT `id` AS `id`,`parent_id` AS `pid`,`cate_name` AS `name`,`cate_name_alias` AS `alias` FROM `tbl_cate` WHERE `parent_id` = 0 AND `is_deleted` = 0 ORDER BY `sort_order` DESC  [ RunTime:0.0000s ]
SQL: SELECT COUNT(id) AS tp_count FROM `tbl_cate` WHERE `parent_id` = 1 LIMIT 1   [ RunTime:0.0000s ]
SQL: SELECT COUNT(id) AS tp_count FROM `tbl_cate` WHERE `parent_id` = 2 LIMIT 1   [ RunTime:0.0000s ]
SQL: SELECT COUNT(id) AS tp_count FROM `tbl_cate` WHERE `parent_id` = 791 LIMIT 1   [ RunTime:0.0000s ]
SQL: SELECT COUNT(id) AS tp_count FROM `tbl_cate` WHERE `parent_id` = 573 LIMIT 1   [ RunTime:0.0000s ]
SQL: SELECT COUNT(id) AS tp_count FROM `tbl_cate` WHERE `parent_id` = 576 LIMIT 1   [ RunTime:0.0000s ]
SQL: SELECT COUNT(id) AS tp_count FROM `tbl_cate` WHERE `parent_id` = 577 LIMIT 1   [ RunTime:0.0156s ]
SQL: SELECT COUNT(id) AS tp_count FROM `tbl_cate` WHERE `parent_id` = 578 LIMIT 1   [ RunTime:0.0000s ]
SQL: SELECT COUNT(id) AS tp_count FROM `tbl_cate` WHERE `parent_id` = 579 LIMIT 1   [ RunTime:0.0000s ]
SQL: SELECT COUNT(id) AS tp_count FROM `tbl_cate` WHERE `parent_id` = 580 LIMIT 1   [ RunTime:0.0000s ]
SQL: SELECT COUNT(id) AS tp_count FROM `tbl_cate` WHERE `parent_id` = 581 LIMIT 1   [ RunTime:0.0000s ]
SQL: SELECT COUNT(id) AS tp_count FROM `tbl_cate` WHERE `parent_id` = 582 LIMIT 1   [ RunTime:0.0000s ]
SQL: SELECT COUNT(id) AS tp_count FROM `tbl_cate` WHERE `parent_id` = 583 LIMIT 1   [ RunTime:0.0000s ]
SQL: SELECT COUNT(id) AS tp_count FROM `tbl_cate` WHERE `parent_id` = 575 LIMIT 1   [ RunTime:0.0000s ]
SQL: SELECT COUNT(id) AS tp_count FROM `tbl_cate` WHERE `parent_id` = 574 LIMIT 1   [ RunTime:0.0000s ]
SQL: SELECT COUNT(id) AS tp_count FROM `tbl_cate` WHERE `parent_id` = 572 LIMIT 1   [ RunTime:0.0000s ]
SQL: SELECT COUNT(id) AS tp_count FROM `tbl_cate` WHERE `parent_id` = 571 LIMIT 1   [ RunTime:0.0000s ]
SQL: SELECT COUNT(id) AS tp_count FROM `tbl_cate` WHERE `parent_id` = 6 LIMIT 1   [ RunTime:0.0000s ]
SQL: SELECT COUNT(id) AS tp_count FROM `tbl_cate` WHERE `parent_id` = 783 LIMIT 1   [ RunTime:0.0000s ]
SQL: SELECT COUNT(id) AS tp_count FROM `tbl_cate` WHERE `parent_id` = 9 LIMIT 1   [ RunTime:0.0000s ]
SQL: SELECT COUNT(id) AS tp_count FROM `tbl_cate` WHERE `parent_id` = 10 LIMIT 1   [ RunTime:0.0000s ]
SQL: SELECT COUNT(id) AS tp_count FROM `tbl_cate` WHERE `parent_id` = 11 LIMIT 1   [ RunTime:0.0000s ]
SQL: SELECT COUNT(id) AS tp_count FROM `tbl_cate` WHERE `parent_id` = 12 LIMIT 1   [ RunTime:0.0000s ]
SQL: SELECT COUNT(id) AS tp_count FROM `tbl_cate` WHERE `parent_id` = 13 LIMIT 1   [ RunTime:0.0000s ]
SQL: SELECT COUNT(id) AS tp_count FROM `tbl_cate` WHERE `parent_id` = 14 LIMIT 1   [ RunTime:0.0000s ]
SQL: SELECT COUNT(id) AS tp_count FROM `tbl_cate` WHERE `parent_id` = 8 LIMIT 1   [ RunTime:0.0000s ]
INFO: [ app_end ] --START--
INFO: Run Behavior\ShowPageTraceBehavior [ RunTime:0.000000s ]
INFO: [ app_end ] --END-- [ RunTime:0.000000s ]

[ 2016-09-28T06:33:19+08:00 ] 127.0.0.1 /business/index.php/MangerSystem/Cate/ztree
SQL: SHOW COLUMNS FROM `tbl_cate` [ RunTime:0.0000s ]
NOTIC: [8] Undefined variable: cnt D:\html\business\App\MangerSystem\Model\CateModel.class.php 第 39 行.
SQL: SELECT `id` AS `id`,`parent_id` AS `pid`,`cate_name` AS `name`,`cate_name_alias` AS `alias` FROM `tbl_cate` WHERE `parent_id` = 0 AND `is_deleted` = 0 ORDER BY `sort_order` DESC  [ RunTime:0.0000s ]
SQL: SELECT COUNT(id) AS tp_count FROM `tbl_cate` WHERE `parent_id` = 1 LIMIT 1   [ RunTime:0.0000s ]
SQL: SELECT COUNT(id) AS tp_count FROM `tbl_cate` WHERE `parent_id` = 2 LIMIT 1   [ RunTime:0.0000s ]
SQL: SELECT COUNT(id) AS tp_count FROM `tbl_cate` WHERE `parent_id` = 791 LIMIT 1   [ RunTime:0.0000s ]
SQL: SELECT COUNT(id) AS tp_count FROM `tbl_cate` WHERE `parent_id` = 573 LIMIT 1   [ RunTime:0.0000s ]
SQL: SELECT COUNT(id) AS tp_count FROM `tbl_cate` WHERE `parent_id` = 576 LIMIT 1   [ RunTime:0.0156s ]
SQL: SELECT COUNT(id) AS tp_count FROM `tbl_cate` WHERE `parent_id` = 577 LIMIT 1   [ RunTime:0.0000s ]
SQL: SELECT COUNT(id) AS tp_count FROM `tbl_cate` WHERE `parent_id` = 578 LIMIT 1   [ RunTime:0.0000s ]
SQL: SELECT COUNT(id) AS tp_count FROM `tbl_cate` WHERE `parent_id` = 579 LIMIT 1   [ RunTime:0.0000s ]
SQL: SELECT COUNT(id) AS tp_count FROM `tbl_cate` WHERE `parent_id` = 580 LIMIT 1   [ RunTime:0.0000s ]
SQL: SELECT COUNT(id) AS tp_count FROM `tbl_cate` WHERE `parent_id` = 581 LIMIT 1   [ RunTime:0.0000s ]
SQL: SELECT COUNT(id) AS tp_count FROM `tbl_cate` WHERE `parent_id` = 582 LIMIT 1   [ RunTime:0.0000s ]
SQL: SELECT COUNT(id) AS tp_count FROM `tbl_cate` WHERE `parent_id` = 583 LIMIT 1   [ RunTime:0.0000s ]
SQL: SELECT COUNT(id) AS tp_count FROM `tbl_cate` WHERE `parent_id` = 575 LIMIT 1   [ RunTime:0.0000s ]
SQL: SELECT COUNT(id) AS tp_count FROM `tbl_cate` WHERE `parent_id` = 574 LIMIT 1   [ RunTime:0.0000s ]
SQL: SELECT COUNT(id) AS tp_count FROM `tbl_cate` WHERE `parent_id` = 572 LIMIT 1   [ RunTime:0.0156s ]
SQL: SELECT COUNT(id) AS tp_count FROM `tbl_cate` WHERE `parent_id` = 571 LIMIT 1   [ RunTime:0.0000s ]
SQL: SELECT COUNT(id) AS tp_count FROM `tbl_cate` WHERE `parent_id` = 6 LIMIT 1   [ RunTime:0.0000s ]
SQL: SELECT COUNT(id) AS tp_count FROM `tbl_cate` WHERE `parent_id` = 783 LIMIT 1   [ RunTime:0.0000s ]
SQL: SELECT COUNT(id) AS tp_count FROM `tbl_cate` WHERE `parent_id` = 9 LIMIT 1   [ RunTime:0.0000s ]
SQL: SELECT COUNT(id) AS tp_count FROM `tbl_cate` WHERE `parent_id` = 10 LIMIT 1   [ RunTime:0.0000s ]
SQL: SELECT COUNT(id) AS tp_count FROM `tbl_cate` WHERE `parent_id` = 11 LIMIT 1   [ RunTime:0.0000s ]
SQL: SELECT COUNT(id) AS tp_count FROM `tbl_cate` WHERE `parent_id` = 12 LIMIT 1   [ RunTime:0.0000s ]
SQL: SELECT COUNT(id) AS tp_count FROM `tbl_cate` WHERE `parent_id` = 13 LIMIT 1   [ RunTime:0.0000s ]
SQL: SELECT COUNT(id) AS tp_count FROM `tbl_cate` WHERE `parent_id` = 14 LIMIT 1   [ RunTime:0.0000s ]
SQL: SELECT COUNT(id) AS tp_count FROM `tbl_cate` WHERE `parent_id` = 8 LIMIT 1   [ RunTime:0.0000s ]
INFO: [ app_end ] --START--
INFO: Run Behavior\ShowPageTraceBehavior [ RunTime:0.000000s ]
INFO: [ app_end ] --END-- [ RunTime:0.000000s ]

[ 2016-09-28T06:33:22+08:00 ] 127.0.0.1 /business/index.php/MangerSystem/Cate/ztree
INFO: [ app_begin ] --START--
INFO: Run Behavior\ReadHtmlCacheBehavior [ RunTime:0.000000s ]
INFO: [ app_begin ] --END-- [ RunTime:0.000000s ]
SQL: SHOW COLUMNS FROM `tbl_cate` [ RunTime:0.0000s ]
NOTIC: [8] Undefined variable: cnt D:\html\business\App\MangerSystem\Model\CateModel.class.php 第 39 行.
SQL: SELECT `id` AS `id`,`parent_id` AS `pid`,`cate_name` AS `name`,`cate_name_alias` AS `alias` FROM `tbl_cate` WHERE `parent_id` = 0 AND `is_deleted` = 0 ORDER BY `sort_order` DESC  [ RunTime:0.0000s ]
SQL: SELECT COUNT(id) AS tp_count FROM `tbl_cate` WHERE `parent_id` = 1 LIMIT 1   [ RunTime:0.0000s ]
SQL: SELECT COUNT(id) AS tp_count FROM `tbl_cate` WHERE `parent_id` = 2 LIMIT 1   [ RunTime:0.0000s ]
SQL: SELECT COUNT(id) AS tp_count FROM `tbl_cate` WHERE `parent_id` = 791 LIMIT 1   [ RunTime:0.0000s ]
SQL: SELECT COUNT(id) AS tp_count FROM `tbl_cate` WHERE `parent_id` = 573 LIMIT 1   [ RunTime:0.0000s ]
SQL: SELECT COUNT(id) AS tp_count FROM `tbl_cate` WHERE `parent_id` = 576 LIMIT 1   [ RunTime:0.0000s ]
SQL: SELECT COUNT(id) AS tp_count FROM `tbl_cate` WHERE `parent_id` = 577 LIMIT 1   [ RunTime:0.0000s ]
SQL: SELECT COUNT(id) AS tp_count FROM `tbl_cate` WHERE `parent_id` = 578 LIMIT 1   [ RunTime:0.0000s ]
SQL: SELECT COUNT(id) AS tp_count FROM `tbl_cate` WHERE `parent_id` = 579 LIMIT 1   [ RunTime:0.0000s ]
SQL: SELECT COUNT(id) AS tp_count FROM `tbl_cate` WHERE `parent_id` = 580 LIMIT 1   [ RunTime:0.0000s ]
SQL: SELECT COUNT(id) AS tp_count FROM `tbl_cate` WHERE `parent_id` = 581 LIMIT 1   [ RunTime:0.0000s ]
SQL: SELECT COUNT(id) AS tp_count FROM `tbl_cate` WHERE `parent_id` = 582 LIMIT 1   [ RunTime:0.0000s ]
SQL: SELECT COUNT(id) AS tp_count FROM `tbl_cate` WHERE `parent_id` = 583 LIMIT 1   [ RunTime:0.0000s ]
SQL: SELECT COUNT(id) AS tp_count FROM `tbl_cate` WHERE `parent_id` = 575 LIMIT 1   [ RunTime:0.0000s ]
SQL: SELECT COUNT(id) AS tp_count FROM `tbl_cate` WHERE `parent_id` = 574 LIMIT 1   [ RunTime:0.0000s ]
SQL: SELECT COUNT(id) AS tp_count FROM `tbl_cate` WHERE `parent_id` = 572 LIMIT 1   [ RunTime:0.0000s ]
SQL: SELECT COUNT(id) AS tp_count FROM `tbl_cate` WHERE `parent_id` = 571 LIMIT 1   [ RunTime:0.0000s ]
SQL: SELECT COUNT(id) AS tp_count FROM `tbl_cate` WHERE `parent_id` = 6 LIMIT 1   [ RunTime:0.0000s ]
SQL: SELECT COUNT(id) AS tp_count FROM `tbl_cate` WHERE `parent_id` = 783 LIMIT 1   [ RunTime:0.0000s ]
SQL: SELECT COUNT(id) AS tp_count FROM `tbl_cate` WHERE `parent_id` = 9 LIMIT 1   [ RunTime:0.0000s ]
SQL: SELECT COUNT(id) AS tp_count FROM `tbl_cate` WHERE `parent_id` = 10 LIMIT 1   [ RunTime:0.0000s ]
SQL: SELECT COUNT(id) AS tp_count FROM `tbl_cate` WHERE `parent_id` = 11 LIMIT 1   [ RunTime:0.0000s ]
SQL: SELECT COUNT(id) AS tp_count FROM `tbl_cate` WHERE `parent_id` = 12 LIMIT 1   [ RunTime:0.0000s ]
SQL: SELECT COUNT(id) AS tp_count FROM `tbl_cate` WHERE `parent_id` = 13 LIMIT 1   [ RunTime:0.0000s ]
SQL: SELECT COUNT(id) AS tp_count FROM `tbl_cate` WHERE `parent_id` = 14 LIMIT 1   [ RunTime:0.0000s ]
SQL: SELECT COUNT(id) AS tp_count FROM `tbl_cate` WHERE `parent_id` = 8 LIMIT 1   [ RunTime:0.0156s ]
INFO: [ app_end ] --START--
INFO: Run Behavior\ShowPageTraceBehavior [ RunTime:0.000000s ]
INFO: [ app_end ] --END-- [ RunTime:0.000000s ]

[ 2016-09-28T06:33:22+08:00 ] 127.0.0.1 /business/index.php/MangerSystem/Cate/ztree
SQL: SHOW COLUMNS FROM `tbl_cate` [ RunTime:0.0000s ]
NOTIC: [8] Undefined variable: cnt D:\html\business\App\MangerSystem\Model\CateModel.class.php 第 39 行.
SQL: SELECT `id` AS `id`,`parent_id` AS `pid`,`cate_name` AS `name`,`cate_name_alias` AS `alias` FROM `tbl_cate` WHERE `parent_id` = 0 AND `is_deleted` = 0 ORDER BY `sort_order` DESC  [ RunTime:0.0000s ]
SQL: SELECT COUNT(id) AS tp_count FROM `tbl_cate` WHERE `parent_id` = 1 LIMIT 1   [ RunTime:0.0000s ]
SQL: SELECT COUNT(id) AS tp_count FROM `tbl_cate` WHERE `parent_id` = 2 LIMIT 1   [ RunTime:0.0000s ]
SQL: SELECT COUNT(id) AS tp_count FROM `tbl_cate` WHERE `parent_id` = 791 LIMIT 1   [ RunTime:0.0000s ]
SQL: SELECT COUNT(id) AS tp_count FROM `tbl_cate` WHERE `parent_id` = 573 LIMIT 1   [ RunTime:0.0000s ]
SQL: SELECT COUNT(id) AS tp_count FROM `tbl_cate` WHERE `parent_id` = 576 LIMIT 1   [ RunTime:0.0000s ]
SQL: SELECT COUNT(id) AS tp_count FROM `tbl_cate` WHERE `parent_id` = 577 LIMIT 1   [ RunTime:0.0000s ]
SQL: SELECT COUNT(id) AS tp_count FROM `tbl_cate` WHERE `parent_id` = 578 LIMIT 1   [ RunTime:0.0000s ]
SQL: SELECT COUNT(id) AS tp_count FROM `tbl_cate` WHERE `parent_id` = 579 LIMIT 1   [ RunTime:0.0000s ]
SQL: SELECT COUNT(id) AS tp_count FROM `tbl_cate` WHERE `parent_id` = 580 LIMIT 1   [ RunTime:0.0000s ]
SQL: SELECT COUNT(id) AS tp_count FROM `tbl_cate` WHERE `parent_id` = 581 LIMIT 1   [ RunTime:0.0000s ]
SQL: SELECT COUNT(id) AS tp_count FROM `tbl_cate` WHERE `parent_id` = 582 LIMIT 1   [ RunTime:0.0000s ]
SQL: SELECT COUNT(id) AS tp_count FROM `tbl_cate` WHERE `parent_id` = 583 LIMIT 1   [ RunTime:0.0000s ]
SQL: SELECT COUNT(id) AS tp_count FROM `tbl_cate` WHERE `parent_id` = 575 LIMIT 1   [ RunTime:0.0000s ]
SQL: SELECT COUNT(id) AS tp_count FROM `tbl_cate` WHERE `parent_id` = 574 LIMIT 1   [ RunTime:0.0000s ]
SQL: SELECT COUNT(id) AS tp_count FROM `tbl_cate` WHERE `parent_id` = 572 LIMIT 1   [ RunTime:0.0156s ]
SQL: SELECT COUNT(id) AS tp_count FROM `tbl_cate` WHERE `parent_id` = 571 LIMIT 1   [ RunTime:0.0000s ]
SQL: SELECT COUNT(id) AS tp_count FROM `tbl_cate` WHERE `parent_id` = 6 LIMIT 1   [ RunTime:0.0000s ]
SQL: SELECT COUNT(id) AS tp_count FROM `tbl_cate` WHERE `parent_id` = 783 LIMIT 1   [ RunTime:0.0000s ]
SQL: SELECT COUNT(id) AS tp_count FROM `tbl_cate` WHERE `parent_id` = 9 LIMIT 1   [ RunTime:0.0000s ]
SQL: SELECT COUNT(id) AS tp_count FROM `tbl_cate` WHERE `parent_id` = 10 LIMIT 1   [ RunTime:0.0000s ]
SQL: SELECT COUNT(id) AS tp_count FROM `tbl_cate` WHERE `parent_id` = 11 LIMIT 1   [ RunTime:0.0000s ]
SQL: SELECT COUNT(id) AS tp_count FROM `tbl_cate` WHERE `parent_id` = 12 LIMIT 1   [ RunTime:0.0000s ]
SQL: SELECT COUNT(id) AS tp_count FROM `tbl_cate` WHERE `parent_id` = 13 LIMIT 1   [ RunTime:0.0000s ]
SQL: SELECT COUNT(id) AS tp_count FROM `tbl_cate` WHERE `parent_id` = 14 LIMIT 1   [ RunTime:0.0000s ]
SQL: SELECT COUNT(id) AS tp_count FROM `tbl_cate` WHERE `parent_id` = 8 LIMIT 1   [ RunTime:0.0156s ]
INFO: [ app_end ] --START--
INFO: Run Behavior\ShowPageTraceBehavior [ RunTime:0.000000s ]
INFO: [ app_end ] --END-- [ RunTime:0.000000s ]

[ 2016-09-28T06:35:32+08:00 ] 127.0.0.1 /business/index.php/MangerSystem/Cate/ztree
INFO: [ app_begin ] --START--
INFO: Run Behavior\ReadHtmlCacheBehavior [ RunTime:0.000000s ]
INFO: [ app_begin ] --END-- [ RunTime:0.000000s ]
SQL: SHOW COLUMNS FROM `tbl_cate` [ RunTime:0.0000s ]
NOTIC: [8] Undefined variable: cnt D:\html\business\App\MangerSystem\Model\CateModel.class.php 第 39 行.
SQL: SELECT `id` AS `id`,`parent_id` AS `pid`,`cate_name` AS `name`,`cate_name_alias` AS `alias` FROM `tbl_cate` WHERE `parent_id` = 0 AND `is_deleted` = 0 ORDER BY `sort_order` DESC  [ RunTime:0.0000s ]
SQL: SELECT COUNT(id) AS tp_count FROM `tbl_cate` WHERE `parent_id` = 1 LIMIT 1   [ RunTime:0.0000s ]
SQL: SELECT COUNT(id) AS tp_count FROM `tbl_cate` WHERE `parent_id` = 2 LIMIT 1   [ RunTime:0.0000s ]
SQL: SELECT COUNT(id) AS tp_count FROM `tbl_cate` WHERE `parent_id` = 791 LIMIT 1   [ RunTime:0.0000s ]
SQL: SELECT COUNT(id) AS tp_count FROM `tbl_cate` WHERE `parent_id` = 573 LIMIT 1   [ RunTime:0.0000s ]
SQL: SELECT COUNT(id) AS tp_count FROM `tbl_cate` WHERE `parent_id` = 576 LIMIT 1   [ RunTime:0.0000s ]
SQL: SELECT COUNT(id) AS tp_count FROM `tbl_cate` WHERE `parent_id` = 577 LIMIT 1   [ RunTime:0.0000s ]
SQL: SELECT COUNT(id) AS tp_count FROM `tbl_cate` WHERE `parent_id` = 578 LIMIT 1   [ RunTime:0.0000s ]
SQL: SELECT COUNT(id) AS tp_count FROM `tbl_cate` WHERE `parent_id` = 579 LIMIT 1   [ RunTime:0.0000s ]
SQL: SELECT COUNT(id) AS tp_count FROM `tbl_cate` WHERE `parent_id` = 580 LIMIT 1   [ RunTime:0.0000s ]
SQL: SELECT COUNT(id) AS tp_count FROM `tbl_cate` WHERE `parent_id` = 581 LIMIT 1   [ RunTime:0.0000s ]
SQL: SELECT COUNT(id) AS tp_count FROM `tbl_cate` WHERE `parent_id` = 582 LIMIT 1   [ RunTime:0.0156s ]
SQL: SELECT COUNT(id) AS tp_count FROM `tbl_cate` WHERE `parent_id` = 583 LIMIT 1   [ RunTime:0.0000s ]
SQL: SELECT COUNT(id) AS tp_count FROM `tbl_cate` WHERE `parent_id` = 575 LIMIT 1   [ RunTime:0.0000s ]
SQL: SELECT COUNT(id) AS tp_count FROM `tbl_cate` WHERE `parent_id` = 574 LIMIT 1   [ RunTime:0.0000s ]
SQL: SELECT COUNT(id) AS tp_count FROM `tbl_cate` WHERE `parent_id` = 572 LIMIT 1   [ RunTime:0.0000s ]
SQL: SELECT COUNT(id) AS tp_count FROM `tbl_cate` WHERE `parent_id` = 571 LIMIT 1   [ RunTime:0.0000s ]
SQL: SELECT COUNT(id) AS tp_count FROM `tbl_cate` WHERE `parent_id` = 6 LIMIT 1   [ RunTime:0.0000s ]
SQL: SELECT COUNT(id) AS tp_count FROM `tbl_cate` WHERE `parent_id` = 783 LIMIT 1   [ RunTime:0.0156s ]
SQL: SELECT COUNT(id) AS tp_count FROM `tbl_cate` WHERE `parent_id` = 9 LIMIT 1   [ RunTime:0.0000s ]
SQL: SELECT COUNT(id) AS tp_count FROM `tbl_cate` WHERE `parent_id` = 10 LIMIT 1   [ RunTime:0.0000s ]
SQL: SELECT COUNT(id) AS tp_count FROM `tbl_cate` WHERE `parent_id` = 11 LIMIT 1   [ RunTime:0.0000s ]
SQL: SELECT COUNT(id) AS tp_count FROM `tbl_cate` WHERE `parent_id` = 12 LIMIT 1   [ RunTime:0.0000s ]
SQL: SELECT COUNT(id) AS tp_count FROM `tbl_cate` WHERE `parent_id` = 13 LIMIT 1   [ RunTime:0.0000s ]
SQL: SELECT COUNT(id) AS tp_count FROM `tbl_cate` WHERE `parent_id` = 14 LIMIT 1   [ RunTime:0.0000s ]
SQL: SELECT COUNT(id) AS tp_count FROM `tbl_cate` WHERE `parent_id` = 8 LIMIT 1   [ RunTime:0.0000s ]
INFO: [ app_end ] --START--
INFO: Run Behavior\ShowPageTraceBehavior [ RunTime:0.000000s ]
INFO: [ app_end ] --END-- [ RunTime:0.000000s ]

[ 2016-09-28T06:35:32+08:00 ] 127.0.0.1 /business/index.php/MangerSystem/Cate/ztree
SQL: SHOW COLUMNS FROM `tbl_cate` [ RunTime:0.0000s ]
NOTIC: [8] Undefined variable: cnt D:\html\business\App\MangerSystem\Model\CateModel.class.php 第 39 行.
SQL: SELECT `id` AS `id`,`parent_id` AS `pid`,`cate_name` AS `name`,`cate_name_alias` AS `alias` FROM `tbl_cate` WHERE `parent_id` = 0 AND `is_deleted` = 0 ORDER BY `sort_order` DESC  [ RunTime:0.0000s ]
SQL: SELECT COUNT(id) AS tp_count FROM `tbl_cate` WHERE `parent_id` = 1 LIMIT 1   [ RunTime:0.0000s ]
SQL: SELECT COUNT(id) AS tp_count FROM `tbl_cate` WHERE `parent_id` = 2 LIMIT 1   [ RunTime:0.0000s ]
SQL: SELECT COUNT(id) AS tp_count FROM `tbl_cate` WHERE `parent_id` = 791 LIMIT 1   [ RunTime:0.0000s ]
SQL: SELECT COUNT(id) AS tp_count FROM `tbl_cate` WHERE `parent_id` = 573 LIMIT 1   [ RunTime:0.0000s ]
SQL: SELECT COUNT(id) AS tp_count FROM `tbl_cate` WHERE `parent_id` = 576 LIMIT 1   [ RunTime:0.0000s ]
SQL: SELECT COUNT(id) AS tp_count FROM `tbl_cate` WHERE `parent_id` = 577 LIMIT 1   [ RunTime:0.0000s ]
SQL: SELECT COUNT(id) AS tp_count FROM `tbl_cate` WHERE `parent_id` = 578 LIMIT 1   [ RunTime:0.0000s ]
SQL: SELECT COUNT(id) AS tp_count FROM `tbl_cate` WHERE `parent_id` = 579 LIMIT 1   [ RunTime:0.0000s ]
SQL: SELECT COUNT(id) AS tp_count FROM `tbl_cate` WHERE `parent_id` = 580 LIMIT 1   [ RunTime:0.0000s ]
SQL: SELECT COUNT(id) AS tp_count FROM `tbl_cate` WHERE `parent_id` = 581 LIMIT 1   [ RunTime:0.0000s ]
SQL: SELECT COUNT(id) AS tp_count FROM `tbl_cate` WHERE `parent_id` = 582 LIMIT 1   [ RunTime:0.0000s ]
SQL: SELECT COUNT(id) AS tp_count FROM `tbl_cate` WHERE `parent_id` = 583 LIMIT 1   [ RunTime:0.0000s ]
SQL: SELECT COUNT(id) AS tp_count FROM `tbl_cate` WHERE `parent_id` = 575 LIMIT 1   [ RunTime:0.0000s ]
SQL: SELECT COUNT(id) AS tp_count FROM `tbl_cate` WHERE `parent_id` = 574 LIMIT 1   [ RunTime:0.0000s ]
SQL: SELECT COUNT(id) AS tp_count FROM `tbl_cate` WHERE `parent_id` = 572 LIMIT 1   [ RunTime:0.0000s ]
SQL: SELECT COUNT(id) AS tp_count FROM `tbl_cate` WHERE `parent_id` = 571 LIMIT 1   [ RunTime:0.0000s ]
SQL: SELECT COUNT(id) AS tp_count FROM `tbl_cate` WHERE `parent_id` = 6 LIMIT 1   [ RunTime:0.0000s ]
SQL: SELECT COUNT(id) AS tp_count FROM `tbl_cate` WHERE `parent_id` = 783 LIMIT 1   [ RunTime:0.0000s ]
SQL: SELECT COUNT(id) AS tp_count FROM `tbl_cate` WHERE `parent_id` = 9 LIMIT 1   [ RunTime:0.0000s ]
SQL: SELECT COUNT(id) AS tp_count FROM `tbl_cate` WHERE `parent_id` = 10 LIMIT 1   [ RunTime:0.0000s ]
SQL: SELECT COUNT(id) AS tp_count FROM `tbl_cate` WHERE `parent_id` = 11 LIMIT 1   [ RunTime:0.0000s ]
SQL: SELECT COUNT(id) AS tp_count FROM `tbl_cate` WHERE `parent_id` = 12 LIMIT 1   [ RunTime:0.0000s ]
SQL: SELECT COUNT(id) AS tp_count FROM `tbl_cate` WHERE `parent_id` = 13 LIMIT 1   [ RunTime:0.0000s ]
SQL: SELECT COUNT(id) AS tp_count FROM `tbl_cate` WHERE `parent_id` = 14 LIMIT 1   [ RunTime:0.0000s ]
SQL: SELECT COUNT(id) AS tp_count FROM `tbl_cate` WHERE `parent_id` = 8 LIMIT 1   [ RunTime:0.0000s ]
INFO: [ app_end ] --START--
INFO: Run Behavior\ShowPageTraceBehavior [ RunTime:0.000000s ]
INFO: [ app_end ] --END-- [ RunTime:0.000000s ]

[ 2016-09-28T06:35:37+08:00 ] 127.0.0.1 /business/index.php/MangerSystem/Cate/ztree
INFO: [ app_begin ] --START--
INFO: Run Behavior\ReadHtmlCacheBehavior [ RunTime:0.000000s ]
INFO: [ app_begin ] --END-- [ RunTime:0.000000s ]
SQL: SHOW COLUMNS FROM `tbl_cate` [ RunTime:0.0000s ]
NOTIC: [8] Undefined variable: cnt D:\html\business\App\MangerSystem\Model\CateModel.class.php 第 39 行.
SQL: SELECT `id` AS `id`,`parent_id` AS `pid`,`cate_name` AS `name`,`cate_name_alias` AS `alias` FROM `tbl_cate` WHERE `parent_id` = 0 AND `is_deleted` = 0 ORDER BY `sort_order` DESC  [ RunTime:0.0000s ]
SQL: SELECT COUNT(id) AS tp_count FROM `tbl_cate` WHERE `parent_id` = 1 LIMIT 1   [ RunTime:0.0000s ]
SQL: SELECT COUNT(id) AS tp_count FROM `tbl_cate` WHERE `parent_id` = 2 LIMIT 1   [ RunTime:0.0000s ]
SQL: SELECT COUNT(id) AS tp_count FROM `tbl_cate` WHERE `parent_id` = 791 LIMIT 1   [ RunTime:0.0000s ]
SQL: SELECT COUNT(id) AS tp_count FROM `tbl_cate` WHERE `parent_id` = 573 LIMIT 1   [ RunTime:0.0000s ]
SQL: SELECT COUNT(id) AS tp_count FROM `tbl_cate` WHERE `parent_id` = 576 LIMIT 1   [ RunTime:0.0000s ]
SQL: SELECT COUNT(id) AS tp_count FROM `tbl_cate` WHERE `parent_id` = 577 LIMIT 1   [ RunTime:0.0000s ]
SQL: SELECT COUNT(id) AS tp_count FROM `tbl_cate` WHERE `parent_id` = 578 LIMIT 1   [ RunTime:0.0000s ]
SQL: SELECT COUNT(id) AS tp_count FROM `tbl_cate` WHERE `parent_id` = 579 LIMIT 1   [ RunTime:0.0000s ]
SQL: SELECT COUNT(id) AS tp_count FROM `tbl_cate` WHERE `parent_id` = 580 LIMIT 1   [ RunTime:0.0000s ]
SQL: SELECT COUNT(id) AS tp_count FROM `tbl_cate` WHERE `parent_id` = 581 LIMIT 1   [ RunTime:0.0000s ]
SQL: SELECT COUNT(id) AS tp_count FROM `tbl_cate` WHERE `parent_id` = 582 LIMIT 1   [ RunTime:0.0000s ]
SQL: SELECT COUNT(id) AS tp_count FROM `tbl_cate` WHERE `parent_id` = 583 LIMIT 1   [ RunTime:0.0000s ]
SQL: SELECT COUNT(id) AS tp_count FROM `tbl_cate` WHERE `parent_id` = 575 LIMIT 1   [ RunTime:0.0000s ]
SQL: SELECT COUNT(id) AS tp_count FROM `tbl_cate` WHERE `parent_id` = 574 LIMIT 1   [ RunTime:0.0000s ]
SQL: SELECT COUNT(id) AS tp_count FROM `tbl_cate` WHERE `parent_id` = 572 LIMIT 1   [ RunTime:0.0000s ]
SQL: SELECT COUNT(id) AS tp_count FROM `tbl_cate` WHERE `parent_id` = 571 LIMIT 1   [ RunTime:0.0000s ]
SQL: SELECT COUNT(id) AS tp_count FROM `tbl_cate` WHERE `parent_id` = 6 LIMIT 1   [ RunTime:0.0000s ]
SQL: SELECT COUNT(id) AS tp_count FROM `tbl_cate` WHERE `parent_id` = 783 LIMIT 1   [ RunTime:0.0000s ]
SQL: SELECT COUNT(id) AS tp_count FROM `tbl_cate` WHERE `parent_id` = 9 LIMIT 1   [ RunTime:0.0000s ]
SQL: SELECT COUNT(id) AS tp_count FROM `tbl_cate` WHERE `parent_id` = 10 LIMIT 1   [ RunTime:0.0000s ]
SQL: SELECT COUNT(id) AS tp_count FROM `tbl_cate` WHERE `parent_id` = 11 LIMIT 1   [ RunTime:0.0156s ]
SQL: SELECT COUNT(id) AS tp_count FROM `tbl_cate` WHERE `parent_id` = 12 LIMIT 1   [ RunTime:0.0000s ]
SQL: SELECT COUNT(id) AS tp_count FROM `tbl_cate` WHERE `parent_id` = 13 LIMIT 1   [ RunTime:0.0000s ]
SQL: SELECT COUNT(id) AS tp_count FROM `tbl_cate` WHERE `parent_id` = 14 LIMIT 1   [ RunTime:0.0000s ]
SQL: SELECT COUNT(id) AS tp_count FROM `tbl_cate` WHERE `parent_id` = 8 LIMIT 1   [ RunTime:0.0000s ]
INFO: [ app_end ] --START--
INFO: Run Behavior\ShowPageTraceBehavior [ RunTime:0.000000s ]
INFO: [ app_end ] --END-- [ RunTime:0.000000s ]

[ 2016-09-28T06:35:37+08:00 ] 127.0.0.1 /business/index.php/MangerSystem/Cate/ztree
SQL: SHOW COLUMNS FROM `tbl_cate` [ RunTime:0.0000s ]
NOTIC: [8] Undefined variable: cnt D:\html\business\App\MangerSystem\Model\CateModel.class.php 第 39 行.
SQL: SELECT `id` AS `id`,`parent_id` AS `pid`,`cate_name` AS `name`,`cate_name_alias` AS `alias` FROM `tbl_cate` WHERE `parent_id` = 0 AND `is_deleted` = 0 ORDER BY `sort_order` DESC  [ RunTime:0.0000s ]
SQL: SELECT COUNT(id) AS tp_count FROM `tbl_cate` WHERE `parent_id` = 1 LIMIT 1   [ RunTime:0.0000s ]
SQL: SELECT COUNT(id) AS tp_count FROM `tbl_cate` WHERE `parent_id` = 2 LIMIT 1   [ RunTime:0.0000s ]
SQL: SELECT COUNT(id) AS tp_count FROM `tbl_cate` WHERE `parent_id` = 791 LIMIT 1   [ RunTime:0.0000s ]
SQL: SELECT COUNT(id) AS tp_count FROM `tbl_cate` WHERE `parent_id` = 573 LIMIT 1   [ RunTime:0.0156s ]
SQL: SELECT COUNT(id) AS tp_count FROM `tbl_cate` WHERE `parent_id` = 576 LIMIT 1   [ RunTime:0.0000s ]
SQL: SELECT COUNT(id) AS tp_count FROM `tbl_cate` WHERE `parent_id` = 577 LIMIT 1   [ RunTime:0.0000s ]
SQL: SELECT COUNT(id) AS tp_count FROM `tbl_cate` WHERE `parent_id` = 578 LIMIT 1   [ RunTime:0.0000s ]
SQL: SELECT COUNT(id) AS tp_count FROM `tbl_cate` WHERE `parent_id` = 579 LIMIT 1   [ RunTime:0.0000s ]
SQL: SELECT COUNT(id) AS tp_count FROM `tbl_cate` WHERE `parent_id` = 580 LIMIT 1   [ RunTime:0.0000s ]
SQL: SELECT COUNT(id) AS tp_count FROM `tbl_cate` WHERE `parent_id` = 581 LIMIT 1   [ RunTime:0.0000s ]
SQL: SELECT COUNT(id) AS tp_count FROM `tbl_cate` WHERE `parent_id` = 582 LIMIT 1   [ RunTime:0.0000s ]
SQL: SELECT COUNT(id) AS tp_count FROM `tbl_cate` WHERE `parent_id` = 583 LIMIT 1   [ RunTime:0.0000s ]
SQL: SELECT COUNT(id) AS tp_count FROM `tbl_cate` WHERE `parent_id` = 575 LIMIT 1   [ RunTime:0.0000s ]
SQL: SELECT COUNT(id) AS tp_count FROM `tbl_cate` WHERE `parent_id` = 574 LIMIT 1   [ RunTime:0.0000s ]
SQL: SELECT COUNT(id) AS tp_count FROM `tbl_cate` WHERE `parent_id` = 572 LIMIT 1   [ RunTime:0.0000s ]
SQL: SELECT COUNT(id) AS tp_count FROM `tbl_cate` WHERE `parent_id` = 571 LIMIT 1   [ RunTime:0.0000s ]
SQL: SELECT COUNT(id) AS tp_count FROM `tbl_cate` WHERE `parent_id` = 6 LIMIT 1   [ RunTime:0.0000s ]
SQL: SELECT COUNT(id) AS tp_count FROM `tbl_cate` WHERE `parent_id` = 783 LIMIT 1   [ RunTime:0.0000s ]
SQL: SELECT COUNT(id) AS tp_count FROM `tbl_cate` WHERE `parent_id` = 9 LIMIT 1   [ RunTime:0.0000s ]
SQL: SELECT COUNT(id) AS tp_count FROM `tbl_cate` WHERE `parent_id` = 10 LIMIT 1   [ RunTime:0.0000s ]
SQL: SELECT COUNT(id) AS tp_count FROM `tbl_cate` WHERE `parent_id` = 11 LIMIT 1   [ RunTime:0.0000s ]
SQL: SELECT COUNT(id) AS tp_count FROM `tbl_cate` WHERE `parent_id` = 12 LIMIT 1   [ RunTime:0.0000s ]
SQL: SELECT COUNT(id) AS tp_count FROM `tbl_cate` WHERE `parent_id` = 13 LIMIT 1   [ RunTime:0.0000s ]
SQL: SELECT COUNT(id) AS tp_count FROM `tbl_cate` WHERE `parent_id` = 14 LIMIT 1   [ RunTime:0.0000s ]
SQL: SELECT COUNT(id) AS tp_count FROM `tbl_cate` WHERE `parent_id` = 8 LIMIT 1   [ RunTime:0.0000s ]
INFO: [ app_end ] --START--
INFO: Run Behavior\ShowPageTraceBehavior [ RunTime:0.000000s ]
INFO: [ app_end ] --END-- [ RunTime:0.000000s ]

[ 2016-09-28T06:35:41+08:00 ] 127.0.0.1 /business/index.php/MangerSystem/Cate/ztree
INFO: [ app_begin ] --START--
INFO: Run Behavior\ReadHtmlCacheBehavior [ RunTime:0.000000s ]
INFO: [ app_begin ] --END-- [ RunTime:0.000000s ]
SQL: SHOW COLUMNS FROM `tbl_cate` [ RunTime:0.0000s ]
NOTIC: [8] Undefined variable: cnt D:\html\business\App\MangerSystem\Model\CateModel.class.php 第 39 行.
SQL: SELECT `id` AS `id`,`parent_id` AS `pid`,`cate_name` AS `name`,`cate_name_alias` AS `alias` FROM `tbl_cate` WHERE `parent_id` = 0 AND `is_deleted` = 0 ORDER BY `sort_order` DESC  [ RunTime:0.0000s ]
SQL: SELECT COUNT(id) AS tp_count FROM `tbl_cate` WHERE `parent_id` = 1 LIMIT 1   [ RunTime:0.0000s ]
SQL: SELECT COUNT(id) AS tp_count FROM `tbl_cate` WHERE `parent_id` = 2 LIMIT 1   [ RunTime:0.0000s ]
SQL: SELECT COUNT(id) AS tp_count FROM `tbl_cate` WHERE `parent_id` = 791 LIMIT 1   [ RunTime:0.0000s ]
SQL: SELECT COUNT(id) AS tp_count FROM `tbl_cate` WHERE `parent_id` = 573 LIMIT 1   [ RunTime:0.0000s ]
SQL: SELECT COUNT(id) AS tp_count FROM `tbl_cate` WHERE `parent_id` = 576 LIMIT 1   [ RunTime:0.0000s ]
SQL: SELECT COUNT(id) AS tp_count FROM `tbl_cate` WHERE `parent_id` = 577 LIMIT 1   [ RunTime:0.0156s ]
SQL: SELECT COUNT(id) AS tp_count FROM `tbl_cate` WHERE `parent_id` = 578 LIMIT 1   [ RunTime:0.0000s ]
SQL: SELECT COUNT(id) AS tp_count FROM `tbl_cate` WHERE `parent_id` = 579 LIMIT 1   [ RunTime:0.0000s ]
SQL: SELECT COUNT(id) AS tp_count FROM `tbl_cate` WHERE `parent_id` = 580 LIMIT 1   [ RunTime:0.0000s ]
SQL: SELECT COUNT(id) AS tp_count FROM `tbl_cate` WHERE `parent_id` = 581 LIMIT 1   [ RunTime:0.0000s ]
SQL: SELECT COUNT(id) AS tp_count FROM `tbl_cate` WHERE `parent_id` = 582 LIMIT 1   [ RunTime:0.0000s ]
SQL: SELECT COUNT(id) AS tp_count FROM `tbl_cate` WHERE `parent_id` = 583 LIMIT 1   [ RunTime:0.0000s ]
SQL: SELECT COUNT(id) AS tp_count FROM `tbl_cate` WHERE `parent_id` = 575 LIMIT 1   [ RunTime:0.0000s ]
SQL: SELECT COUNT(id) AS tp_count FROM `tbl_cate` WHERE `parent_id` = 574 LIMIT 1   [ RunTime:0.0000s ]
SQL: SELECT COUNT(id) AS tp_count FROM `tbl_cate` WHERE `parent_id` = 572 LIMIT 1   [ RunTime:0.0000s ]
SQL: SELECT COUNT(id) AS tp_count FROM `tbl_cate` WHERE `parent_id` = 571 LIMIT 1   [ RunTime:0.0000s ]
SQL: SELECT COUNT(id) AS tp_count FROM `tbl_cate` WHERE `parent_id` = 6 LIMIT 1   [ RunTime:0.0000s ]
SQL: SELECT COUNT(id) AS tp_count FROM `tbl_cate` WHERE `parent_id` = 783 LIMIT 1   [ RunTime:0.0000s ]
SQL: SELECT COUNT(id) AS tp_count FROM `tbl_cate` WHERE `parent_id` = 9 LIMIT 1   [ RunTime:0.0000s ]
SQL: SELECT COUNT(id) AS tp_count FROM `tbl_cate` WHERE `parent_id` = 10 LIMIT 1   [ RunTime:0.0000s ]
SQL: SELECT COUNT(id) AS tp_count FROM `tbl_cate` WHERE `parent_id` = 11 LIMIT 1   [ RunTime:0.0000s ]
SQL: SELECT COUNT(id) AS tp_count FROM `tbl_cate` WHERE `parent_id` = 12 LIMIT 1   [ RunTime:0.0000s ]
SQL: SELECT COUNT(id) AS tp_count FROM `tbl_cate` WHERE `parent_id` = 13 LIMIT 1   [ RunTime:0.0000s ]
SQL: SELECT COUNT(id) AS tp_count FROM `tbl_cate` WHERE `parent_id` = 14 LIMIT 1   [ RunTime:0.0000s ]
SQL: SELECT COUNT(id) AS tp_count FROM `tbl_cate` WHERE `parent_id` = 8 LIMIT 1   [ RunTime:0.0000s ]
INFO: [ app_end ] --START--
INFO: Run Behavior\ShowPageTraceBehavior [ RunTime:0.000000s ]
INFO: [ app_end ] --END-- [ RunTime:0.000000s ]

[ 2016-09-28T06:35:41+08:00 ] 127.0.0.1 /business/index.php/MangerSystem/Cate/ztree
SQL: SHOW COLUMNS FROM `tbl_cate` [ RunTime:0.0000s ]
NOTIC: [8] Undefined variable: cnt D:\html\business\App\MangerSystem\Model\CateModel.class.php 第 39 行.
SQL: SELECT `id` AS `id`,`parent_id` AS `pid`,`cate_name` AS `name`,`cate_name_alias` AS `alias` FROM `tbl_cate` WHERE `parent_id` = 0 AND `is_deleted` = 0 ORDER BY `sort_order` DESC  [ RunTime:0.0000s ]
SQL: SELECT COUNT(id) AS tp_count FROM `tbl_cate` WHERE `parent_id` = 1 LIMIT 1   [ RunTime:0.0000s ]
SQL: SELECT COUNT(id) AS tp_count FROM `tbl_cate` WHERE `parent_id` = 2 LIMIT 1   [ RunTime:0.0000s ]
SQL: SELECT COUNT(id) AS tp_count FROM `tbl_cate` WHERE `parent_id` = 791 LIMIT 1   [ RunTime:0.0000s ]
SQL: SELECT COUNT(id) AS tp_count FROM `tbl_cate` WHERE `parent_id` = 573 LIMIT 1   [ RunTime:0.0156s ]
SQL: SELECT COUNT(id) AS tp_count FROM `tbl_cate` WHERE `parent_id` = 576 LIMIT 1   [ RunTime:0.0000s ]
SQL: SELECT COUNT(id) AS tp_count FROM `tbl_cate` WHERE `parent_id` = 577 LIMIT 1   [ RunTime:0.0000s ]
SQL: SELECT COUNT(id) AS tp_count FROM `tbl_cate` WHERE `parent_id` = 578 LIMIT 1   [ RunTime:0.0000s ]
SQL: SELECT COUNT(id) AS tp_count FROM `tbl_cate` WHERE `parent_id` = 579 LIMIT 1   [ RunTime:0.0000s ]
SQL: SELECT COUNT(id) AS tp_count FROM `tbl_cate` WHERE `parent_id` = 580 LIMIT 1   [ RunTime:0.0000s ]
SQL: SELECT COUNT(id) AS tp_count FROM `tbl_cate` WHERE `parent_id` = 581 LIMIT 1   [ RunTime:0.0000s ]
SQL: SELECT COUNT(id) AS tp_count FROM `tbl_cate` WHERE `parent_id` = 582 LIMIT 1   [ RunTime:0.0000s ]
SQL: SELECT COUNT(id) AS tp_count FROM `tbl_cate` WHERE `parent_id` = 583 LIMIT 1   [ RunTime:0.0000s ]
SQL: SELECT COUNT(id) AS tp_count FROM `tbl_cate` WHERE `parent_id` = 575 LIMIT 1   [ RunTime:0.0000s ]
SQL: SELECT COUNT(id) AS tp_count FROM `tbl_cate` WHERE `parent_id` = 574 LIMIT 1   [ RunTime:0.0000s ]
SQL: SELECT COUNT(id) AS tp_count FROM `tbl_cate` WHERE `parent_id` = 572 LIMIT 1   [ RunTime:0.0000s ]
SQL: SELECT COUNT(id) AS tp_count FROM `tbl_cate` WHERE `parent_id` = 571 LIMIT 1   [ RunTime:0.0000s ]
SQL: SELECT COUNT(id) AS tp_count FROM `tbl_cate` WHERE `parent_id` = 6 LIMIT 1   [ RunTime:0.0000s ]
SQL: SELECT COUNT(id) AS tp_count FROM `tbl_cate` WHERE `parent_id` = 783 LIMIT 1   [ RunTime:0.0000s ]
SQL: SELECT COUNT(id) AS tp_count FROM `tbl_cate` WHERE `parent_id` = 9 LIMIT 1   [ RunTime:0.0000s ]
SQL: SELECT COUNT(id) AS tp_count FROM `tbl_cate` WHERE `parent_id` = 10 LIMIT 1   [ RunTime:0.0000s ]
SQL: SELECT COUNT(id) AS tp_count FROM `tbl_cate` WHERE `parent_id` = 11 LIMIT 1   [ RunTime:0.0000s ]
SQL: SELECT COUNT(id) AS tp_count FROM `tbl_cate` WHERE `parent_id` = 12 LIMIT 1   [ RunTime:0.0000s ]
SQL: SELECT COUNT(id) AS tp_count FROM `tbl_cate` WHERE `parent_id` = 13 LIMIT 1   [ RunTime:0.0000s ]
SQL: SELECT COUNT(id) AS tp_count FROM `tbl_cate` WHERE `parent_id` = 14 LIMIT 1   [ RunTime:0.0000s ]
SQL: SELECT COUNT(id) AS tp_count FROM `tbl_cate` WHERE `parent_id` = 8 LIMIT 1   [ RunTime:0.0156s ]
INFO: [ app_end ] --START--
INFO: Run Behavior\ShowPageTraceBehavior [ RunTime:0.000000s ]
INFO: [ app_end ] --END-- [ RunTime:0.000000s ]

