[ 2016-09-29T05:49:02+08:00 ] 127.0.0.1 /business/index.php/MangerSystem/Login/index.html
INFO: [ app_begin ] --START--
INFO: Run Behavior\ReadHtmlCacheBehavior [ RunTime:0.001000s ]
INFO: [ app_begin ] --END-- [ RunTime:0.001000s ]
SQL: SHOW COLUMNS FROM `tbl_admin` [ RunTime:0.0640s ]
SQL: SELECT `admin_id`,`username`,`nickname`,`thumb`,`password`,`status`,`last_login_time`,`role_id`,`last_login_ip`,`login_count` FROM `tbl_admin` WHERE `username` = 'admin' LIMIT 1   [ RunTime:0.0140s ]
SQL: UPDATE `tbl_admin` SET `last_login_ip`='127.0.0.1',`last_login_time`='1475099342',`login_count`='21' WHERE `admin_id` = 1 [ RunTime:0.0420s ]

[ 2016-09-29T05:49:37+08:00 ] 127.0.0.1 /business/index.php/MangerSystem/Post/ajaxAttr.html
INFO: [ app_begin ] --START--
INFO: Run Behavior\ReadHtmlCacheBehavior [ RunTime:0.001000s ]
INFO: [ app_begin ] --END-- [ RunTime:0.002000s ]
SQL: show tables [ RunTime:0.0020s ]
SQL: SHOW COLUMNS FROM `tbl_post` [ RunTime:0.0030s ]
SQL: SHOW COLUMNS FROM `tbl_attr` [ RunTime:0.0250s ]
SQL: SELECT `attr_id`,`attr_name`,`attr_name_alias`,`tips`,`attr_type`,`data_default` FROM `tbl_attr` WHERE `cate_id` = 0 ORDER BY `sort_order` DESC LIMIT 10   [ RunTime:0.0010s ]
SQL: SHOW COLUMNS FROM `tbl_attr_val` [ RunTime:0.0080s ]
SQL: SELECT `attr_id`,`attr_val` FROM `tbl_attr_val` WHERE `post_id` = 3362  [ RunTime:0.0000s ]
INFO: [ app_end ] --START--
INFO: Run Behavior\ShowPageTraceBehavior [ RunTime:0.000000s ]
INFO: [ app_end ] --END-- [ RunTime:0.001000s ]

[ 2016-09-29T05:50:04+08:00 ] 127.0.0.1 /business/index.php/MangerSystem/Post/getKeyword.html
INFO: [ app_begin ] --START--
INFO: Run Behavior\ReadHtmlCacheBehavior [ RunTime:0.000000s ]
INFO: [ app_begin ] --END-- [ RunTime:0.010000s ]
SQL: show tables [ RunTime:0.0140s ]
SQL: SHOW COLUMNS FROM `tbl_post` [ RunTime:0.0030s ]
INFO: [ app_end ] --START--
INFO: Run Behavior\ShowPageTraceBehavior [ RunTime:0.001000s ]
INFO: [ app_end ] --END-- [ RunTime:0.002000s ]

[ 2016-09-29T05:50:12+08:00 ] 127.0.0.1 /business/index.php/MangerSystem/Post/getKeyword.html
INFO: [ app_begin ] --START--
INFO: Run Behavior\ReadHtmlCacheBehavior [ RunTime:0.001000s ]
INFO: [ app_begin ] --END-- [ RunTime:0.002000s ]
SQL: show tables [ RunTime:0.0020s ]
SQL: SHOW COLUMNS FROM `tbl_post` [ RunTime:0.0030s ]
INFO: [ app_end ] --START--
INFO: Run Behavior\ShowPageTraceBehavior [ RunTime:0.000000s ]
INFO: [ app_end ] --END-- [ RunTime:0.001000s ]

[ 2016-09-29T05:50:22+08:00 ] 127.0.0.1 /business/index.php/MangerSystem/Post/getKeyword.html
INFO: [ app_begin ] --START--
INFO: Run Behavior\ReadHtmlCacheBehavior [ RunTime:0.001000s ]
INFO: [ app_begin ] --END-- [ RunTime:0.001000s ]
SQL: show tables [ RunTime:0.0030s ]
SQL: SHOW COLUMNS FROM `tbl_post` [ RunTime:0.0040s ]
INFO: [ app_end ] --START--
INFO: Run Behavior\ShowPageTraceBehavior [ RunTime:0.000000s ]
INFO: [ app_end ] --END-- [ RunTime:0.002000s ]

[ 2016-09-29T05:50:52+08:00 ] 127.0.0.1 /business/index.php/MangerSystem/Post/ajaxUploadFile.html
NOTIC: [2] call_user_func() expects parameter 1 to be a valid callback, no array or string given D:\html\business\ThinkPHP\Library\Think\Upload.class.php 第 169 行.
INFO: [ app_end ] --START--
INFO: Run Behavior\ShowPageTraceBehavior [ RunTime:0.001000s ]
INFO: [ app_end ] --END-- [ RunTime:0.002000s ]

[ 2016-09-29T05:51:31+08:00 ] 127.0.0.1 /business/index.php/MangerSystem/Post/ajaxAttr.html
INFO: [ app_begin ] --START--
INFO: Run Behavior\ReadHtmlCacheBehavior [ RunTime:0.001000s ]
INFO: [ app_begin ] --END-- [ RunTime:0.002000s ]
SQL: show tables [ RunTime:0.0020s ]
SQL: SHOW COLUMNS FROM `tbl_post` [ RunTime:0.0030s ]
SQL: SHOW COLUMNS FROM `tbl_attr` [ RunTime:0.0020s ]
SQL: SELECT `attr_id`,`attr_name`,`attr_name_alias`,`tips`,`attr_type`,`data_default` FROM `tbl_attr` WHERE `cate_id` = 3 ORDER BY `sort_order` DESC LIMIT 10   [ RunTime:0.0010s ]
SQL: SHOW COLUMNS FROM `tbl_attr_val` [ RunTime:0.0020s ]
SQL: SELECT `attr_id`,`attr_val` FROM `tbl_attr_val` WHERE `post_id` = 3362  [ RunTime:0.0000s ]
INFO: [ app_end ] --START--
INFO: Run Behavior\ShowPageTraceBehavior [ RunTime:0.001000s ]
INFO: [ app_end ] --END-- [ RunTime:0.001000s ]

